INFO - 2024-04-12 07:16:32 --> Session: Class initialized using 'CodeIgniter\Session\Handlers\FileHandler' driver.
INFO - 2024-04-12 07:16:33 --> Session: Class initialized using 'CodeIgniter\Session\Handlers\FileHandler' driver.
INFO - 2024-04-12 07:16:34 --> Session: Class initialized using 'CodeIgniter\Session\Handlers\FileHandler' driver.
INFO - 2024-04-12 07:16:35 --> Session: Class initialized using 'CodeIgniter\Session\Handlers\FileHandler' driver.
INFO - 2024-04-12 07:16:35 --> Session: Class initialized using 'CodeIgniter\Session\Handlers\FileHandler' driver.
INFO - 2024-04-12 07:16:36 --> Session: Class initialized using 'CodeIgniter\Session\Handlers\FileHandler' driver.
ERROR - 2024-04-12 07:16:37 --> Error connecting to the database: mysqli_sql_exception: No connection could be made because the target machine actively refused it in C:\xampp\htdocs\serverCw\system\Database\MySQLi\Connection.php:184
Stack trace:
#0 C:\xampp\htdocs\serverCw\system\Database\MySQLi\Connection.php(184): mysqli->real_connect('localhost', 'root', Object(SensitiveParameterValue), 'server', 3306, '', 0)
#1 C:\xampp\htdocs\serverCw\system\Database\BaseConnection.php(392): CodeIgniter\Database\MySQLi\Connection->connect(false)
#2 C:\xampp\htdocs\serverCw\system\Database\BaseConnection.php(575): CodeIgniter\Database\BaseConnection->initialize()
#3 C:\xampp\htdocs\serverCw\system\Database\BaseBuilder.php(1616): CodeIgniter\Database\BaseConnection->query('SELECT `usernam...', Array, false)
#4 C:\xampp\htdocs\serverCw\app\Models\UserModel.php(17): CodeIgniter\Database\BaseBuilder->get()
#5 C:\xampp\htdocs\serverCw\app\Controllers\User.php(30): App\Models\UserModel->verifyUser('i', 'i')
#6 C:\xampp\htdocs\serverCw\system\CodeIgniter.php(941): App\Controllers\User->login()
#7 C:\xampp\htdocs\serverCw\system\CodeIgniter.php(502): CodeIgniter\CodeIgniter->runController(Object(App\Controllers\User))
#8 C:\xampp\htdocs\serverCw\system\CodeIgniter.php(361): CodeIgniter\CodeIgniter->handleRequest(NULL, Object(Config\Cache), false)
#9 C:\xampp\htdocs\serverCw\public\index.php(79): CodeIgniter\CodeIgniter->run()
#10 {main}

Next CodeIgniter\Database\Exceptions\DatabaseException: No connection could be made because the target machine actively refused it in C:\xampp\htdocs\serverCw\system\Database\MySQLi\Connection.php:229
Stack trace:
#0 C:\xampp\htdocs\serverCw\system\Database\BaseConnection.php(392): CodeIgniter\Database\MySQLi\Connection->connect(false)
#1 C:\xampp\htdocs\serverCw\system\Database\BaseConnection.php(575): CodeIgniter\Database\BaseConnection->initialize()
#2 C:\xampp\htdocs\serverCw\system\Database\BaseBuilder.php(1616): CodeIgniter\Database\BaseConnection->query('SELECT `usernam...', Array, false)
#3 C:\xampp\htdocs\serverCw\app\Models\UserModel.php(17): CodeIgniter\Database\BaseBuilder->get()
#4 C:\xampp\htdocs\serverCw\app\Controllers\User.php(30): App\Models\UserModel->verifyUser('i', 'i')
#5 C:\xampp\htdocs\serverCw\system\CodeIgniter.php(941): App\Controllers\User->login()
#6 C:\xampp\htdocs\serverCw\system\CodeIgniter.php(502): CodeIgniter\CodeIgniter->runController(Object(App\Controllers\User))
#7 C:\xampp\htdocs\serverCw\system\CodeIgniter.php(361): CodeIgniter\CodeIgniter->handleRequest(NULL, Object(Config\Cache), false)
#8 C:\xampp\htdocs\serverCw\public\index.php(79): CodeIgniter\CodeIgniter->run()
#9 {main}
CRITICAL - 2024-04-12 07:16:37 --> CodeIgniter\Database\Exceptions\DatabaseException: Unable to connect to the database.
Main connection [MySQLi]: No connection could be made because the target machine actively refused it
in SYSTEMPATH\Database\BaseConnection.php on line 428.
 1 SYSTEMPATH\Database\BaseConnection.php(575): CodeIgniter\Database\BaseConnection->initialize()
 2 SYSTEMPATH\Database\BaseBuilder.php(1616): CodeIgniter\Database\BaseConnection->query('SELECT `username`, `password`
FROM `users`
WHERE `username` = :username:', [...], false)
 3 APPPATH\Models\UserModel.php(17): CodeIgniter\Database\BaseBuilder->get()
 4 APPPATH\Controllers\User.php(30): App\Models\UserModel->verifyUser('i', 'i')
 5 SYSTEMPATH\CodeIgniter.php(941): App\Controllers\User->login()
 6 SYSTEMPATH\CodeIgniter.php(502): CodeIgniter\CodeIgniter->runController(Object(App\Controllers\User))
 7 SYSTEMPATH\CodeIgniter.php(361): CodeIgniter\CodeIgniter->handleRequest(null, Object(Config\Cache), false)
 8 FCPATH\index.php(79): CodeIgniter\CodeIgniter->run()
INFO - 2024-04-12 07:16:37 --> Session: Class initialized using 'CodeIgniter\Session\Handlers\FileHandler' driver.
ERROR - 2024-04-12 07:16:37 --> Error connecting to the database: mysqli_sql_exception: No connection could be made because the target machine actively refused it in C:\xampp\htdocs\serverCw\system\Database\MySQLi\Connection.php:184
Stack trace:
#0 C:\xampp\htdocs\serverCw\system\Database\MySQLi\Connection.php(184): mysqli->real_connect('localhost', 'root', Object(SensitiveParameterValue), 'server', 3306, '', 0)
#1 C:\xampp\htdocs\serverCw\system\Database\BaseConnection.php(392): CodeIgniter\Database\MySQLi\Connection->connect(false)
#2 C:\xampp\htdocs\serverCw\system\Database\BaseConnection.php(575): CodeIgniter\Database\BaseConnection->initialize()
#3 C:\xampp\htdocs\serverCw\system\Database\BaseBuilder.php(1616): CodeIgniter\Database\BaseConnection->query('SELECT `usernam...', Array, false)
#4 C:\xampp\htdocs\serverCw\app\Models\UserModel.php(17): CodeIgniter\Database\BaseBuilder->get()
#5 C:\xampp\htdocs\serverCw\app\Controllers\User.php(30): App\Models\UserModel->verifyUser('i', 'i')
#6 C:\xampp\htdocs\serverCw\system\CodeIgniter.php(941): App\Controllers\User->login()
#7 C:\xampp\htdocs\serverCw\system\CodeIgniter.php(502): CodeIgniter\CodeIgniter->runController(Object(App\Controllers\User))
#8 C:\xampp\htdocs\serverCw\system\CodeIgniter.php(361): CodeIgniter\CodeIgniter->handleRequest(NULL, Object(Config\Cache), false)
#9 C:\xampp\htdocs\serverCw\public\index.php(79): CodeIgniter\CodeIgniter->run()
#10 {main}

Next CodeIgniter\Database\Exceptions\DatabaseException: No connection could be made because the target machine actively refused it in C:\xampp\htdocs\serverCw\system\Database\MySQLi\Connection.php:229
Stack trace:
#0 C:\xampp\htdocs\serverCw\system\Database\BaseConnection.php(392): CodeIgniter\Database\MySQLi\Connection->connect(false)
#1 C:\xampp\htdocs\serverCw\system\Database\BaseConnection.php(575): CodeIgniter\Database\BaseConnection->initialize()
#2 C:\xampp\htdocs\serverCw\system\Database\BaseBuilder.php(1616): CodeIgniter\Database\BaseConnection->query('SELECT `usernam...', Array, false)
#3 C:\xampp\htdocs\serverCw\app\Models\UserModel.php(17): CodeIgniter\Database\BaseBuilder->get()
#4 C:\xampp\htdocs\serverCw\app\Controllers\User.php(30): App\Models\UserModel->verifyUser('i', 'i')
#5 C:\xampp\htdocs\serverCw\system\CodeIgniter.php(941): App\Controllers\User->login()
#6 C:\xampp\htdocs\serverCw\system\CodeIgniter.php(502): CodeIgniter\CodeIgniter->runController(Object(App\Controllers\User))
#7 C:\xampp\htdocs\serverCw\system\CodeIgniter.php(361): CodeIgniter\CodeIgniter->handleRequest(NULL, Object(Config\Cache), false)
#8 C:\xampp\htdocs\serverCw\public\index.php(79): CodeIgniter\CodeIgniter->run()
#9 {main}
CRITICAL - 2024-04-12 07:16:37 --> CodeIgniter\Database\Exceptions\DatabaseException: Unable to connect to the database.
Main connection [MySQLi]: No connection could be made because the target machine actively refused it
in SYSTEMPATH\Database\BaseConnection.php on line 428.
 1 SYSTEMPATH\Database\BaseConnection.php(575): CodeIgniter\Database\BaseConnection->initialize()
 2 SYSTEMPATH\Database\BaseBuilder.php(1616): CodeIgniter\Database\BaseConnection->query('SELECT `username`, `password`
FROM `users`
WHERE `username` = :username:', [...], false)
 3 APPPATH\Models\UserModel.php(17): CodeIgniter\Database\BaseBuilder->get()
 4 APPPATH\Controllers\User.php(30): App\Models\UserModel->verifyUser('i', 'i')
 5 SYSTEMPATH\CodeIgniter.php(941): App\Controllers\User->login()
 6 SYSTEMPATH\CodeIgniter.php(502): CodeIgniter\CodeIgniter->runController(Object(App\Controllers\User))
 7 SYSTEMPATH\CodeIgniter.php(361): CodeIgniter\CodeIgniter->handleRequest(null, Object(Config\Cache), false)
 8 FCPATH\index.php(79): CodeIgniter\CodeIgniter->run()
INFO - 2024-04-12 07:16:37 --> Session: Class initialized using 'CodeIgniter\Session\Handlers\FileHandler' driver.
ERROR - 2024-04-12 07:16:38 --> Error connecting to the database: mysqli_sql_exception: No connection could be made because the target machine actively refused it in C:\xampp\htdocs\serverCw\system\Database\MySQLi\Connection.php:184
Stack trace:
#0 C:\xampp\htdocs\serverCw\system\Database\MySQLi\Connection.php(184): mysqli->real_connect('localhost', 'root', Object(SensitiveParameterValue), 'server', 3306, '', 0)
#1 C:\xampp\htdocs\serverCw\system\Database\BaseConnection.php(392): CodeIgniter\Database\MySQLi\Connection->connect(false)
#2 C:\xampp\htdocs\serverCw\system\Database\BaseConnection.php(575): CodeIgniter\Database\BaseConnection->initialize()
#3 C:\xampp\htdocs\serverCw\system\Database\BaseBuilder.php(1616): CodeIgniter\Database\BaseConnection->query('SELECT `usernam...', Array, false)
#4 C:\xampp\htdocs\serverCw\app\Models\UserModel.php(17): CodeIgniter\Database\BaseBuilder->get()
#5 C:\xampp\htdocs\serverCw\app\Controllers\User.php(30): App\Models\UserModel->verifyUser('i', 'i')
#6 C:\xampp\htdocs\serverCw\system\CodeIgniter.php(941): App\Controllers\User->login()
#7 C:\xampp\htdocs\serverCw\system\CodeIgniter.php(502): CodeIgniter\CodeIgniter->runController(Object(App\Controllers\User))
#8 C:\xampp\htdocs\serverCw\system\CodeIgniter.php(361): CodeIgniter\CodeIgniter->handleRequest(NULL, Object(Config\Cache), false)
#9 C:\xampp\htdocs\serverCw\public\index.php(79): CodeIgniter\CodeIgniter->run()
#10 {main}

Next CodeIgniter\Database\Exceptions\DatabaseException: No connection could be made because the target machine actively refused it in C:\xampp\htdocs\serverCw\system\Database\MySQLi\Connection.php:229
Stack trace:
#0 C:\xampp\htdocs\serverCw\system\Database\BaseConnection.php(392): CodeIgniter\Database\MySQLi\Connection->connect(false)
#1 C:\xampp\htdocs\serverCw\system\Database\BaseConnection.php(575): CodeIgniter\Database\BaseConnection->initialize()
#2 C:\xampp\htdocs\serverCw\system\Database\BaseBuilder.php(1616): CodeIgniter\Database\BaseConnection->query('SELECT `usernam...', Array, false)
#3 C:\xampp\htdocs\serverCw\app\Models\UserModel.php(17): CodeIgniter\Database\BaseBuilder->get()
#4 C:\xampp\htdocs\serverCw\app\Controllers\User.php(30): App\Models\UserModel->verifyUser('i', 'i')
#5 C:\xampp\htdocs\serverCw\system\CodeIgniter.php(941): App\Controllers\User->login()
#6 C:\xampp\htdocs\serverCw\system\CodeIgniter.php(502): CodeIgniter\CodeIgniter->runController(Object(App\Controllers\User))
#7 C:\xampp\htdocs\serverCw\system\CodeIgniter.php(361): CodeIgniter\CodeIgniter->handleRequest(NULL, Object(Config\Cache), false)
#8 C:\xampp\htdocs\serverCw\public\index.php(79): CodeIgniter\CodeIgniter->run()
#9 {main}
CRITICAL - 2024-04-12 07:16:38 --> CodeIgniter\Database\Exceptions\DatabaseException: Unable to connect to the database.
Main connection [MySQLi]: No connection could be made because the target machine actively refused it
in SYSTEMPATH\Database\BaseConnection.php on line 428.
 1 SYSTEMPATH\Database\BaseConnection.php(575): CodeIgniter\Database\BaseConnection->initialize()
 2 SYSTEMPATH\Database\BaseBuilder.php(1616): CodeIgniter\Database\BaseConnection->query('SELECT `username`, `password`
FROM `users`
WHERE `username` = :username:', [...], false)
 3 APPPATH\Models\UserModel.php(17): CodeIgniter\Database\BaseBuilder->get()
 4 APPPATH\Controllers\User.php(30): App\Models\UserModel->verifyUser('i', 'i')
 5 SYSTEMPATH\CodeIgniter.php(941): App\Controllers\User->login()
 6 SYSTEMPATH\CodeIgniter.php(502): CodeIgniter\CodeIgniter->runController(Object(App\Controllers\User))
 7 SYSTEMPATH\CodeIgniter.php(361): CodeIgniter\CodeIgniter->handleRequest(null, Object(Config\Cache), false)
 8 FCPATH\index.php(79): CodeIgniter\CodeIgniter->run()
INFO - 2024-04-12 07:16:38 --> Session: Class initialized using 'CodeIgniter\Session\Handlers\FileHandler' driver.
ERROR - 2024-04-12 07:16:39 --> Error connecting to the database: mysqli_sql_exception: No connection could be made because the target machine actively refused it in C:\xampp\htdocs\serverCw\system\Database\MySQLi\Connection.php:184
Stack trace:
#0 C:\xampp\htdocs\serverCw\system\Database\MySQLi\Connection.php(184): mysqli->real_connect('localhost', 'root', Object(SensitiveParameterValue), 'server', 3306, '', 0)
#1 C:\xampp\htdocs\serverCw\system\Database\BaseConnection.php(392): CodeIgniter\Database\MySQLi\Connection->connect(false)
#2 C:\xampp\htdocs\serverCw\system\Database\BaseConnection.php(575): CodeIgniter\Database\BaseConnection->initialize()
#3 C:\xampp\htdocs\serverCw\system\Database\BaseBuilder.php(1616): CodeIgniter\Database\BaseConnection->query('SELECT `usernam...', Array, false)
#4 C:\xampp\htdocs\serverCw\app\Models\UserModel.php(17): CodeIgniter\Database\BaseBuilder->get()
#5 C:\xampp\htdocs\serverCw\app\Controllers\User.php(30): App\Models\UserModel->verifyUser('i', 'i')
#6 C:\xampp\htdocs\serverCw\system\CodeIgniter.php(941): App\Controllers\User->login()
#7 C:\xampp\htdocs\serverCw\system\CodeIgniter.php(502): CodeIgniter\CodeIgniter->runController(Object(App\Controllers\User))
#8 C:\xampp\htdocs\serverCw\system\CodeIgniter.php(361): CodeIgniter\CodeIgniter->handleRequest(NULL, Object(Config\Cache), false)
#9 C:\xampp\htdocs\serverCw\public\index.php(79): CodeIgniter\CodeIgniter->run()
#10 {main}

Next CodeIgniter\Database\Exceptions\DatabaseException: No connection could be made because the target machine actively refused it in C:\xampp\htdocs\serverCw\system\Database\MySQLi\Connection.php:229
Stack trace:
#0 C:\xampp\htdocs\serverCw\system\Database\BaseConnection.php(392): CodeIgniter\Database\MySQLi\Connection->connect(false)
#1 C:\xampp\htdocs\serverCw\system\Database\BaseConnection.php(575): CodeIgniter\Database\BaseConnection->initialize()
#2 C:\xampp\htdocs\serverCw\system\Database\BaseBuilder.php(1616): CodeIgniter\Database\BaseConnection->query('SELECT `usernam...', Array, false)
#3 C:\xampp\htdocs\serverCw\app\Models\UserModel.php(17): CodeIgniter\Database\BaseBuilder->get()
#4 C:\xampp\htdocs\serverCw\app\Controllers\User.php(30): App\Models\UserModel->verifyUser('i', 'i')
#5 C:\xampp\htdocs\serverCw\system\CodeIgniter.php(941): App\Controllers\User->login()
#6 C:\xampp\htdocs\serverCw\system\CodeIgniter.php(502): CodeIgniter\CodeIgniter->runController(Object(App\Controllers\User))
#7 C:\xampp\htdocs\serverCw\system\CodeIgniter.php(361): CodeIgniter\CodeIgniter->handleRequest(NULL, Object(Config\Cache), false)
#8 C:\xampp\htdocs\serverCw\public\index.php(79): CodeIgniter\CodeIgniter->run()
#9 {main}
CRITICAL - 2024-04-12 07:16:39 --> CodeIgniter\Database\Exceptions\DatabaseException: Unable to connect to the database.
Main connection [MySQLi]: No connection could be made because the target machine actively refused it
in SYSTEMPATH\Database\BaseConnection.php on line 428.
 1 SYSTEMPATH\Database\BaseConnection.php(575): CodeIgniter\Database\BaseConnection->initialize()
 2 SYSTEMPATH\Database\BaseBuilder.php(1616): CodeIgniter\Database\BaseConnection->query('SELECT `username`, `password`
FROM `users`
WHERE `username` = :username:', [...], false)
 3 APPPATH\Models\UserModel.php(17): CodeIgniter\Database\BaseBuilder->get()
 4 APPPATH\Controllers\User.php(30): App\Models\UserModel->verifyUser('i', 'i')
 5 SYSTEMPATH\CodeIgniter.php(941): App\Controllers\User->login()
 6 SYSTEMPATH\CodeIgniter.php(502): CodeIgniter\CodeIgniter->runController(Object(App\Controllers\User))
 7 SYSTEMPATH\CodeIgniter.php(361): CodeIgniter\CodeIgniter->handleRequest(null, Object(Config\Cache), false)
 8 FCPATH\index.php(79): CodeIgniter\CodeIgniter->run()
ERROR - 2024-04-12 07:16:39 --> Error connecting to the database: mysqli_sql_exception: No connection could be made because the target machine actively refused it in C:\xampp\htdocs\serverCw\system\Database\MySQLi\Connection.php:184
Stack trace:
#0 C:\xampp\htdocs\serverCw\system\Database\MySQLi\Connection.php(184): mysqli->real_connect('localhost', 'root', Object(SensitiveParameterValue), 'server', 3306, '', 0)
#1 C:\xampp\htdocs\serverCw\system\Database\BaseConnection.php(392): CodeIgniter\Database\MySQLi\Connection->connect(false)
#2 C:\xampp\htdocs\serverCw\system\Database\BaseConnection.php(575): CodeIgniter\Database\BaseConnection->initialize()
#3 C:\xampp\htdocs\serverCw\system\Database\BaseBuilder.php(1616): CodeIgniter\Database\BaseConnection->query('SELECT `usernam...', Array, false)
#4 C:\xampp\htdocs\serverCw\app\Models\UserModel.php(17): CodeIgniter\Database\BaseBuilder->get()
#5 C:\xampp\htdocs\serverCw\app\Controllers\User.php(30): App\Models\UserModel->verifyUser('i', 'i')
#6 C:\xampp\htdocs\serverCw\system\CodeIgniter.php(941): App\Controllers\User->login()
#7 C:\xampp\htdocs\serverCw\system\CodeIgniter.php(502): CodeIgniter\CodeIgniter->runController(Object(App\Controllers\User))
#8 C:\xampp\htdocs\serverCw\system\CodeIgniter.php(361): CodeIgniter\CodeIgniter->handleRequest(NULL, Object(Config\Cache), false)
#9 C:\xampp\htdocs\serverCw\public\index.php(79): CodeIgniter\CodeIgniter->run()
#10 {main}

Next CodeIgniter\Database\Exceptions\DatabaseException: No connection could be made because the target machine actively refused it in C:\xampp\htdocs\serverCw\system\Database\MySQLi\Connection.php:229
Stack trace:
#0 C:\xampp\htdocs\serverCw\system\Database\BaseConnection.php(392): CodeIgniter\Database\MySQLi\Connection->connect(false)
#1 C:\xampp\htdocs\serverCw\system\Database\BaseConnection.php(575): CodeIgniter\Database\BaseConnection->initialize()
#2 C:\xampp\htdocs\serverCw\system\Database\BaseBuilder.php(1616): CodeIgniter\Database\BaseConnection->query('SELECT `usernam...', Array, false)
#3 C:\xampp\htdocs\serverCw\app\Models\UserModel.php(17): CodeIgniter\Database\BaseBuilder->get()
#4 C:\xampp\htdocs\serverCw\app\Controllers\User.php(30): App\Models\UserModel->verifyUser('i', 'i')
#5 C:\xampp\htdocs\serverCw\system\CodeIgniter.php(941): App\Controllers\User->login()
#6 C:\xampp\htdocs\serverCw\system\CodeIgniter.php(502): CodeIgniter\CodeIgniter->runController(Object(App\Controllers\User))
#7 C:\xampp\htdocs\serverCw\system\CodeIgniter.php(361): CodeIgniter\CodeIgniter->handleRequest(NULL, Object(Config\Cache), false)
#8 C:\xampp\htdocs\serverCw\public\index.php(79): CodeIgniter\CodeIgniter->run()
#9 {main}
CRITICAL - 2024-04-12 07:16:39 --> CodeIgniter\Database\Exceptions\DatabaseException: Unable to connect to the database.
Main connection [MySQLi]: No connection could be made because the target machine actively refused it
in SYSTEMPATH\Database\BaseConnection.php on line 428.
 1 SYSTEMPATH\Database\BaseConnection.php(575): CodeIgniter\Database\BaseConnection->initialize()
 2 SYSTEMPATH\Database\BaseBuilder.php(1616): CodeIgniter\Database\BaseConnection->query('SELECT `username`, `password`
FROM `users`
WHERE `username` = :username:', [...], false)
 3 APPPATH\Models\UserModel.php(17): CodeIgniter\Database\BaseBuilder->get()
 4 APPPATH\Controllers\User.php(30): App\Models\UserModel->verifyUser('i', 'i')
 5 SYSTEMPATH\CodeIgniter.php(941): App\Controllers\User->login()
 6 SYSTEMPATH\CodeIgniter.php(502): CodeIgniter\CodeIgniter->runController(Object(App\Controllers\User))
 7 SYSTEMPATH\CodeIgniter.php(361): CodeIgniter\CodeIgniter->handleRequest(null, Object(Config\Cache), false)
 8 FCPATH\index.php(79): CodeIgniter\CodeIgniter->run()
ERROR - 2024-04-12 07:16:40 --> Error connecting to the database: mysqli_sql_exception: No connection could be made because the target machine actively refused it in C:\xampp\htdocs\serverCw\system\Database\MySQLi\Connection.php:184
Stack trace:
#0 C:\xampp\htdocs\serverCw\system\Database\MySQLi\Connection.php(184): mysqli->real_connect('localhost', 'root', Object(SensitiveParameterValue), 'server', 3306, '', 0)
#1 C:\xampp\htdocs\serverCw\system\Database\BaseConnection.php(392): CodeIgniter\Database\MySQLi\Connection->connect(false)
#2 C:\xampp\htdocs\serverCw\system\Database\BaseConnection.php(575): CodeIgniter\Database\BaseConnection->initialize()
#3 C:\xampp\htdocs\serverCw\system\Database\BaseBuilder.php(1616): CodeIgniter\Database\BaseConnection->query('SELECT `usernam...', Array, false)
#4 C:\xampp\htdocs\serverCw\app\Models\UserModel.php(17): CodeIgniter\Database\BaseBuilder->get()
#5 C:\xampp\htdocs\serverCw\app\Controllers\User.php(30): App\Models\UserModel->verifyUser('i', 'i')
#6 C:\xampp\htdocs\serverCw\system\CodeIgniter.php(941): App\Controllers\User->login()
#7 C:\xampp\htdocs\serverCw\system\CodeIgniter.php(502): CodeIgniter\CodeIgniter->runController(Object(App\Controllers\User))
#8 C:\xampp\htdocs\serverCw\system\CodeIgniter.php(361): CodeIgniter\CodeIgniter->handleRequest(NULL, Object(Config\Cache), false)
#9 C:\xampp\htdocs\serverCw\public\index.php(79): CodeIgniter\CodeIgniter->run()
#10 {main}

Next CodeIgniter\Database\Exceptions\DatabaseException: No connection could be made because the target machine actively refused it in C:\xampp\htdocs\serverCw\system\Database\MySQLi\Connection.php:229
Stack trace:
#0 C:\xampp\htdocs\serverCw\system\Database\BaseConnection.php(392): CodeIgniter\Database\MySQLi\Connection->connect(false)
#1 C:\xampp\htdocs\serverCw\system\Database\BaseConnection.php(575): CodeIgniter\Database\BaseConnection->initialize()
#2 C:\xampp\htdocs\serverCw\system\Database\BaseBuilder.php(1616): CodeIgniter\Database\BaseConnection->query('SELECT `usernam...', Array, false)
#3 C:\xampp\htdocs\serverCw\app\Models\UserModel.php(17): CodeIgniter\Database\BaseBuilder->get()
#4 C:\xampp\htdocs\serverCw\app\Controllers\User.php(30): App\Models\UserModel->verifyUser('i', 'i')
#5 C:\xampp\htdocs\serverCw\system\CodeIgniter.php(941): App\Controllers\User->login()
#6 C:\xampp\htdocs\serverCw\system\CodeIgniter.php(502): CodeIgniter\CodeIgniter->runController(Object(App\Controllers\User))
#7 C:\xampp\htdocs\serverCw\system\CodeIgniter.php(361): CodeIgniter\CodeIgniter->handleRequest(NULL, Object(Config\Cache), false)
#8 C:\xampp\htdocs\serverCw\public\index.php(79): CodeIgniter\CodeIgniter->run()
#9 {main}
CRITICAL - 2024-04-12 07:16:40 --> CodeIgniter\Database\Exceptions\DatabaseException: Unable to connect to the database.
Main connection [MySQLi]: No connection could be made because the target machine actively refused it
in SYSTEMPATH\Database\BaseConnection.php on line 428.
 1 SYSTEMPATH\Database\BaseConnection.php(575): CodeIgniter\Database\BaseConnection->initialize()
 2 SYSTEMPATH\Database\BaseBuilder.php(1616): CodeIgniter\Database\BaseConnection->query('SELECT `username`, `password`
FROM `users`
WHERE `username` = :username:', [...], false)
 3 APPPATH\Models\UserModel.php(17): CodeIgniter\Database\BaseBuilder->get()
 4 APPPATH\Controllers\User.php(30): App\Models\UserModel->verifyUser('i', 'i')
 5 SYSTEMPATH\CodeIgniter.php(941): App\Controllers\User->login()
 6 SYSTEMPATH\CodeIgniter.php(502): CodeIgniter\CodeIgniter->runController(Object(App\Controllers\User))
 7 SYSTEMPATH\CodeIgniter.php(361): CodeIgniter\CodeIgniter->handleRequest(null, Object(Config\Cache), false)
 8 FCPATH\index.php(79): CodeIgniter\CodeIgniter->run()
ERROR - 2024-04-12 07:16:41 --> Error connecting to the database: mysqli_sql_exception: No connection could be made because the target machine actively refused it in C:\xampp\htdocs\serverCw\system\Database\MySQLi\Connection.php:184
Stack trace:
#0 C:\xampp\htdocs\serverCw\system\Database\MySQLi\Connection.php(184): mysqli->real_connect('localhost', 'root', Object(SensitiveParameterValue), 'server', 3306, '', 0)
#1 C:\xampp\htdocs\serverCw\system\Database\BaseConnection.php(392): CodeIgniter\Database\MySQLi\Connection->connect(false)
#2 C:\xampp\htdocs\serverCw\system\Database\BaseConnection.php(575): CodeIgniter\Database\BaseConnection->initialize()
#3 C:\xampp\htdocs\serverCw\system\Database\BaseBuilder.php(1616): CodeIgniter\Database\BaseConnection->query('SELECT `usernam...', Array, false)
#4 C:\xampp\htdocs\serverCw\app\Models\UserModel.php(17): CodeIgniter\Database\BaseBuilder->get()
#5 C:\xampp\htdocs\serverCw\app\Controllers\User.php(30): App\Models\UserModel->verifyUser('i', 'i')
#6 C:\xampp\htdocs\serverCw\system\CodeIgniter.php(941): App\Controllers\User->login()
#7 C:\xampp\htdocs\serverCw\system\CodeIgniter.php(502): CodeIgniter\CodeIgniter->runController(Object(App\Controllers\User))
#8 C:\xampp\htdocs\serverCw\system\CodeIgniter.php(361): CodeIgniter\CodeIgniter->handleRequest(NULL, Object(Config\Cache), false)
#9 C:\xampp\htdocs\serverCw\public\index.php(79): CodeIgniter\CodeIgniter->run()
#10 {main}

Next CodeIgniter\Database\Exceptions\DatabaseException: No connection could be made because the target machine actively refused it in C:\xampp\htdocs\serverCw\system\Database\MySQLi\Connection.php:229
Stack trace:
#0 C:\xampp\htdocs\serverCw\system\Database\BaseConnection.php(392): CodeIgniter\Database\MySQLi\Connection->connect(false)
#1 C:\xampp\htdocs\serverCw\system\Database\BaseConnection.php(575): CodeIgniter\Database\BaseConnection->initialize()
#2 C:\xampp\htdocs\serverCw\system\Database\BaseBuilder.php(1616): CodeIgniter\Database\BaseConnection->query('SELECT `usernam...', Array, false)
#3 C:\xampp\htdocs\serverCw\app\Models\UserModel.php(17): CodeIgniter\Database\BaseBuilder->get()
#4 C:\xampp\htdocs\serverCw\app\Controllers\User.php(30): App\Models\UserModel->verifyUser('i', 'i')
#5 C:\xampp\htdocs\serverCw\system\CodeIgniter.php(941): App\Controllers\User->login()
#6 C:\xampp\htdocs\serverCw\system\CodeIgniter.php(502): CodeIgniter\CodeIgniter->runController(Object(App\Controllers\User))
#7 C:\xampp\htdocs\serverCw\system\CodeIgniter.php(361): CodeIgniter\CodeIgniter->handleRequest(NULL, Object(Config\Cache), false)
#8 C:\xampp\htdocs\serverCw\public\index.php(79): CodeIgniter\CodeIgniter->run()
#9 {main}
CRITICAL - 2024-04-12 07:16:41 --> CodeIgniter\Database\Exceptions\DatabaseException: Unable to connect to the database.
Main connection [MySQLi]: No connection could be made because the target machine actively refused it
in SYSTEMPATH\Database\BaseConnection.php on line 428.
 1 SYSTEMPATH\Database\BaseConnection.php(575): CodeIgniter\Database\BaseConnection->initialize()
 2 SYSTEMPATH\Database\BaseBuilder.php(1616): CodeIgniter\Database\BaseConnection->query('SELECT `username`, `password`
FROM `users`
WHERE `username` = :username:', [...], false)
 3 APPPATH\Models\UserModel.php(17): CodeIgniter\Database\BaseBuilder->get()
 4 APPPATH\Controllers\User.php(30): App\Models\UserModel->verifyUser('i', 'i')
 5 SYSTEMPATH\CodeIgniter.php(941): App\Controllers\User->login()
 6 SYSTEMPATH\CodeIgniter.php(502): CodeIgniter\CodeIgniter->runController(Object(App\Controllers\User))
 7 SYSTEMPATH\CodeIgniter.php(361): CodeIgniter\CodeIgniter->handleRequest(null, Object(Config\Cache), false)
 8 FCPATH\index.php(79): CodeIgniter\CodeIgniter->run()
ERROR - 2024-04-12 07:16:42 --> Error connecting to the database: mysqli_sql_exception: No connection could be made because the target machine actively refused it in C:\xampp\htdocs\serverCw\system\Database\MySQLi\Connection.php:184
Stack trace:
#0 C:\xampp\htdocs\serverCw\system\Database\MySQLi\Connection.php(184): mysqli->real_connect('localhost', 'root', Object(SensitiveParameterValue), 'server', 3306, '', 0)
#1 C:\xampp\htdocs\serverCw\system\Database\BaseConnection.php(392): CodeIgniter\Database\MySQLi\Connection->connect(false)
#2 C:\xampp\htdocs\serverCw\system\Database\BaseConnection.php(575): CodeIgniter\Database\BaseConnection->initialize()
#3 C:\xampp\htdocs\serverCw\system\Database\BaseBuilder.php(1616): CodeIgniter\Database\BaseConnection->query('SELECT `usernam...', Array, false)
#4 C:\xampp\htdocs\serverCw\app\Models\UserModel.php(17): CodeIgniter\Database\BaseBuilder->get()
#5 C:\xampp\htdocs\serverCw\app\Controllers\User.php(30): App\Models\UserModel->verifyUser('i', 'i')
#6 C:\xampp\htdocs\serverCw\system\CodeIgniter.php(941): App\Controllers\User->login()
#7 C:\xampp\htdocs\serverCw\system\CodeIgniter.php(502): CodeIgniter\CodeIgniter->runController(Object(App\Controllers\User))
#8 C:\xampp\htdocs\serverCw\system\CodeIgniter.php(361): CodeIgniter\CodeIgniter->handleRequest(NULL, Object(Config\Cache), false)
#9 C:\xampp\htdocs\serverCw\public\index.php(79): CodeIgniter\CodeIgniter->run()
#10 {main}

Next CodeIgniter\Database\Exceptions\DatabaseException: No connection could be made because the target machine actively refused it in C:\xampp\htdocs\serverCw\system\Database\MySQLi\Connection.php:229
Stack trace:
#0 C:\xampp\htdocs\serverCw\system\Database\BaseConnection.php(392): CodeIgniter\Database\MySQLi\Connection->connect(false)
#1 C:\xampp\htdocs\serverCw\system\Database\BaseConnection.php(575): CodeIgniter\Database\BaseConnection->initialize()
#2 C:\xampp\htdocs\serverCw\system\Database\BaseBuilder.php(1616): CodeIgniter\Database\BaseConnection->query('SELECT `usernam...', Array, false)
#3 C:\xampp\htdocs\serverCw\app\Models\UserModel.php(17): CodeIgniter\Database\BaseBuilder->get()
#4 C:\xampp\htdocs\serverCw\app\Controllers\User.php(30): App\Models\UserModel->verifyUser('i', 'i')
#5 C:\xampp\htdocs\serverCw\system\CodeIgniter.php(941): App\Controllers\User->login()
#6 C:\xampp\htdocs\serverCw\system\CodeIgniter.php(502): CodeIgniter\CodeIgniter->runController(Object(App\Controllers\User))
#7 C:\xampp\htdocs\serverCw\system\CodeIgniter.php(361): CodeIgniter\CodeIgniter->handleRequest(NULL, Object(Config\Cache), false)
#8 C:\xampp\htdocs\serverCw\public\index.php(79): CodeIgniter\CodeIgniter->run()
#9 {main}
CRITICAL - 2024-04-12 07:16:42 --> CodeIgniter\Database\Exceptions\DatabaseException: Unable to connect to the database.
Main connection [MySQLi]: No connection could be made because the target machine actively refused it
in SYSTEMPATH\Database\BaseConnection.php on line 428.
 1 SYSTEMPATH\Database\BaseConnection.php(575): CodeIgniter\Database\BaseConnection->initialize()
 2 SYSTEMPATH\Database\BaseBuilder.php(1616): CodeIgniter\Database\BaseConnection->query('SELECT `username`, `password`
FROM `users`
WHERE `username` = :username:', [...], false)
 3 APPPATH\Models\UserModel.php(17): CodeIgniter\Database\BaseBuilder->get()
 4 APPPATH\Controllers\User.php(30): App\Models\UserModel->verifyUser('i', 'i')
 5 SYSTEMPATH\CodeIgniter.php(941): App\Controllers\User->login()
 6 SYSTEMPATH\CodeIgniter.php(502): CodeIgniter\CodeIgniter->runController(Object(App\Controllers\User))
 7 SYSTEMPATH\CodeIgniter.php(361): CodeIgniter\CodeIgniter->handleRequest(null, Object(Config\Cache), false)
 8 FCPATH\index.php(79): CodeIgniter\CodeIgniter->run()
ERROR - 2024-04-12 07:16:42 --> Error connecting to the database: mysqli_sql_exception: No connection could be made because the target machine actively refused it in C:\xampp\htdocs\serverCw\system\Database\MySQLi\Connection.php:184
Stack trace:
#0 C:\xampp\htdocs\serverCw\system\Database\MySQLi\Connection.php(184): mysqli->real_connect('localhost', 'root', Object(SensitiveParameterValue), 'server', 3306, '', 0)
#1 C:\xampp\htdocs\serverCw\system\Database\BaseConnection.php(392): CodeIgniter\Database\MySQLi\Connection->connect(false)
#2 C:\xampp\htdocs\serverCw\system\Database\BaseConnection.php(575): CodeIgniter\Database\BaseConnection->initialize()
#3 C:\xampp\htdocs\serverCw\system\Database\BaseBuilder.php(1616): CodeIgniter\Database\BaseConnection->query('SELECT `usernam...', Array, false)
#4 C:\xampp\htdocs\serverCw\app\Models\UserModel.php(17): CodeIgniter\Database\BaseBuilder->get()
#5 C:\xampp\htdocs\serverCw\app\Controllers\User.php(30): App\Models\UserModel->verifyUser('i', 'i')
#6 C:\xampp\htdocs\serverCw\system\CodeIgniter.php(941): App\Controllers\User->login()
#7 C:\xampp\htdocs\serverCw\system\CodeIgniter.php(502): CodeIgniter\CodeIgniter->runController(Object(App\Controllers\User))
#8 C:\xampp\htdocs\serverCw\system\CodeIgniter.php(361): CodeIgniter\CodeIgniter->handleRequest(NULL, Object(Config\Cache), false)
#9 C:\xampp\htdocs\serverCw\public\index.php(79): CodeIgniter\CodeIgniter->run()
#10 {main}

Next CodeIgniter\Database\Exceptions\DatabaseException: No connection could be made because the target machine actively refused it in C:\xampp\htdocs\serverCw\system\Database\MySQLi\Connection.php:229
Stack trace:
#0 C:\xampp\htdocs\serverCw\system\Database\BaseConnection.php(392): CodeIgniter\Database\MySQLi\Connection->connect(false)
#1 C:\xampp\htdocs\serverCw\system\Database\BaseConnection.php(575): CodeIgniter\Database\BaseConnection->initialize()
#2 C:\xampp\htdocs\serverCw\system\Database\BaseBuilder.php(1616): CodeIgniter\Database\BaseConnection->query('SELECT `usernam...', Array, false)
#3 C:\xampp\htdocs\serverCw\app\Models\UserModel.php(17): CodeIgniter\Database\BaseBuilder->get()
#4 C:\xampp\htdocs\serverCw\app\Controllers\User.php(30): App\Models\UserModel->verifyUser('i', 'i')
#5 C:\xampp\htdocs\serverCw\system\CodeIgniter.php(941): App\Controllers\User->login()
#6 C:\xampp\htdocs\serverCw\system\CodeIgniter.php(502): CodeIgniter\CodeIgniter->runController(Object(App\Controllers\User))
#7 C:\xampp\htdocs\serverCw\system\CodeIgniter.php(361): CodeIgniter\CodeIgniter->handleRequest(NULL, Object(Config\Cache), false)
#8 C:\xampp\htdocs\serverCw\public\index.php(79): CodeIgniter\CodeIgniter->run()
#9 {main}
CRITICAL - 2024-04-12 07:16:42 --> CodeIgniter\Database\Exceptions\DatabaseException: Unable to connect to the database.
Main connection [MySQLi]: No connection could be made because the target machine actively refused it
in SYSTEMPATH\Database\BaseConnection.php on line 428.
 1 SYSTEMPATH\Database\BaseConnection.php(575): CodeIgniter\Database\BaseConnection->initialize()
 2 SYSTEMPATH\Database\BaseBuilder.php(1616): CodeIgniter\Database\BaseConnection->query('SELECT `username`, `password`
FROM `users`
WHERE `username` = :username:', [...], false)
 3 APPPATH\Models\UserModel.php(17): CodeIgniter\Database\BaseBuilder->get()
 4 APPPATH\Controllers\User.php(30): App\Models\UserModel->verifyUser('i', 'i')
 5 SYSTEMPATH\CodeIgniter.php(941): App\Controllers\User->login()
 6 SYSTEMPATH\CodeIgniter.php(502): CodeIgniter\CodeIgniter->runController(Object(App\Controllers\User))
 7 SYSTEMPATH\CodeIgniter.php(361): CodeIgniter\CodeIgniter->handleRequest(null, Object(Config\Cache), false)
 8 FCPATH\index.php(79): CodeIgniter\CodeIgniter->run()
INFO - 2024-04-12 07:17:48 --> Session: Class initialized using 'CodeIgniter\Session\Handlers\FileHandler' driver.
