ERROR - 2024-04-05 17:10:26 --> Error connecting to the database: mysqli_sql_exception: Access denied for user 'root'@'localhost' (using password: YES) in D:\iit_Campus\2 nd year\sem 2\Server-Side\week 1\public_html\serverCw\system\Database\MySQLi\Connection.php:184
Stack trace:
#0 D:\iit_Campus\2 nd year\sem 2\Server-Side\week 1\public_html\serverCw\system\Database\MySQLi\Connection.php(184): mysqli->real_connect('localhost', 'root', Object(SensitiveParameterValue), 'server', 3306, '', 0)
#1 D:\iit_Campus\2 nd year\sem 2\Server-Side\week 1\public_html\serverCw\system\Database\BaseConnection.php(392): CodeIgniter\Database\MySQLi\Connection->connect(false)
#2 D:\iit_Campus\2 nd year\sem 2\Server-Side\week 1\public_html\serverCw\system\Database\BaseConnection.php(575): CodeIgniter\Database\BaseConnection->initialize()
#3 D:\iit_Campus\2 nd year\sem 2\Server-Side\week 1\public_html\serverCw\system\Database\BaseBuilder.php(2307): CodeIgniter\Database\BaseConnection->query('INSERT INTO `us...', Array, false)
#4 D:\iit_Campus\2 nd year\sem 2\Server-Side\week 1\public_html\serverCw\app\Models\UserModel.php(14): CodeIgniter\Database\BaseBuilder->insert(Array)
#5 D:\iit_Campus\2 nd year\sem 2\Server-Side\week 1\public_html\serverCw\app\Controllers\User.php(43): App\Models\UserModel->register_user(Array)
#6 D:\iit_Campus\2 nd year\sem 2\Server-Side\week 1\public_html\serverCw\system\CodeIgniter.php(941): App\Controllers\User->register()
#7 D:\iit_Campus\2 nd year\sem 2\Server-Side\week 1\public_html\serverCw\system\CodeIgniter.php(502): CodeIgniter\CodeIgniter->runController(Object(App\Controllers\User))
#8 D:\iit_Campus\2 nd year\sem 2\Server-Side\week 1\public_html\serverCw\system\CodeIgniter.php(361): CodeIgniter\CodeIgniter->handleRequest(NULL, Object(Config\Cache), false)
#9 D:\iit_Campus\2 nd year\sem 2\Server-Side\week 1\public_html\serverCw\public\index.php(79): CodeIgniter\CodeIgniter->run()
#10 {main}

Next CodeIgniter\Database\Exceptions\DatabaseException: Access denied for user '****'@'localhost' (using password: YES) in D:\iit_Campus\2 nd year\sem 2\Server-Side\week 1\public_html\serverCw\system\Database\MySQLi\Connection.php:229
Stack trace:
#0 D:\iit_Campus\2 nd year\sem 2\Server-Side\week 1\public_html\serverCw\system\Database\BaseConnection.php(392): CodeIgniter\Database\MySQLi\Connection->connect(false)
#1 D:\iit_Campus\2 nd year\sem 2\Server-Side\week 1\public_html\serverCw\system\Database\BaseConnection.php(575): CodeIgniter\Database\BaseConnection->initialize()
#2 D:\iit_Campus\2 nd year\sem 2\Server-Side\week 1\public_html\serverCw\system\Database\BaseBuilder.php(2307): CodeIgniter\Database\BaseConnection->query('INSERT INTO `us...', Array, false)
#3 D:\iit_Campus\2 nd year\sem 2\Server-Side\week 1\public_html\serverCw\app\Models\UserModel.php(14): CodeIgniter\Database\BaseBuilder->insert(Array)
#4 D:\iit_Campus\2 nd year\sem 2\Server-Side\week 1\public_html\serverCw\app\Controllers\User.php(43): App\Models\UserModel->register_user(Array)
#5 D:\iit_Campus\2 nd year\sem 2\Server-Side\week 1\public_html\serverCw\system\CodeIgniter.php(941): App\Controllers\User->register()
#6 D:\iit_Campus\2 nd year\sem 2\Server-Side\week 1\public_html\serverCw\system\CodeIgniter.php(502): CodeIgniter\CodeIgniter->runController(Object(App\Controllers\User))
#7 D:\iit_Campus\2 nd year\sem 2\Server-Side\week 1\public_html\serverCw\system\CodeIgniter.php(361): CodeIgniter\CodeIgniter->handleRequest(NULL, Object(Config\Cache), false)
#8 D:\iit_Campus\2 nd year\sem 2\Server-Side\week 1\public_html\serverCw\public\index.php(79): CodeIgniter\CodeIgniter->run()
#9 {main}
CRITICAL - 2024-04-05 17:10:26 --> CodeIgniter\Database\Exceptions\DatabaseException: Unable to connect to the database.
Main connection [MySQLi]: Access denied for user '****'@'localhost' (using password: YES)
in SYSTEMPATH\Database\BaseConnection.php on line 428.
 1 SYSTEMPATH\Database\BaseConnection.php(575): CodeIgniter\Database\BaseConnection->initialize()
 2 SYSTEMPATH\Database\BaseBuilder.php(2307): CodeIgniter\Database\BaseConnection->query('INSERT INTO `users` (`firstname`, `lastname`, `email`, `username`, `password`) VALUES (:firstname:, :lastname:, :email:, :username:, :password:)', [...], false)
 3 APPPATH\Models\UserModel.php(14): CodeIgniter\Database\BaseBuilder->insert([...])
 4 APPPATH\Controllers\User.php(43): App\Models\UserModel->register_user([...])
 5 SYSTEMPATH\CodeIgniter.php(941): App\Controllers\User->register()
 6 SYSTEMPATH\CodeIgniter.php(502): CodeIgniter\CodeIgniter->runController(Object(App\Controllers\User))
 7 SYSTEMPATH\CodeIgniter.php(361): CodeIgniter\CodeIgniter->handleRequest(null, Object(Config\Cache), false)
 8 FCPATH\index.php(79): CodeIgniter\CodeIgniter->run()
CRITICAL - 2024-04-05 17:17:38 --> CodeIgniter\Database\Exceptions\DataException: Allowed fields must be specified for model: "App\Models\UserModel"
in SYSTEMPATH\Model.php on line 766.
 1 SYSTEMPATH\Model.php(766): CodeIgniter\Database\Exceptions\DataException::forInvalidAllowedFields('App\\Models\\UserModel')
 2 SYSTEMPATH\BaseModel.php(783): CodeIgniter\Model->doProtectFieldsForInsert([...])
 3 SYSTEMPATH\Model.php(744): CodeIgniter\BaseModel->insert([...], true)
 4 APPPATH\Models\UserModel.php(14): CodeIgniter\Model->insert([...])
 5 APPPATH\Controllers\User.php(43): App\Models\UserModel->register_user([...])
 6 SYSTEMPATH\CodeIgniter.php(941): App\Controllers\User->register()
 7 SYSTEMPATH\CodeIgniter.php(502): CodeIgniter\CodeIgniter->runController(Object(App\Controllers\User))
 8 SYSTEMPATH\CodeIgniter.php(361): CodeIgniter\CodeIgniter->handleRequest(null, Object(Config\Cache), false)
 9 FCPATH\index.php(79): CodeIgniter\CodeIgniter->run()
CRITICAL - 2024-04-05 17:22:07 --> CodeIgniter\Database\Exceptions\DataException: Allowed fields must be specified for model: "App\Models\UserModel"
in SYSTEMPATH\Model.php on line 766.
 1 SYSTEMPATH\Model.php(766): CodeIgniter\Database\Exceptions\DataException::forInvalidAllowedFields('App\\Models\\UserModel')
 2 SYSTEMPATH\BaseModel.php(783): CodeIgniter\Model->doProtectFieldsForInsert([...])
 3 SYSTEMPATH\Model.php(744): CodeIgniter\BaseModel->insert([...], true)
 4 APPPATH\Models\UserModel.php(14): CodeIgniter\Model->insert([...])
 5 APPPATH\Controllers\User.php(43): App\Models\UserModel->register_user([...])
 6 SYSTEMPATH\CodeIgniter.php(941): App\Controllers\User->register()
 7 SYSTEMPATH\CodeIgniter.php(502): CodeIgniter\CodeIgniter->runController(Object(App\Controllers\User))
 8 SYSTEMPATH\CodeIgniter.php(361): CodeIgniter\CodeIgniter->handleRequest(null, Object(Config\Cache), false)
 9 FCPATH\index.php(79): CodeIgniter\CodeIgniter->run()
CRITICAL - 2024-04-05 17:27:55 --> mysqli_sql_exception: Access denied for user 'root'@'localhost' (using password: YES)
in APPPATH\Controllers\ExampleController.php on line 15.
 1 APPPATH\Controllers\ExampleController.php(15): mysqli->__construct('localhost', 'root', Object(SensitiveParameterValue), 'server')
 2 SYSTEMPATH\CodeIgniter.php(941): App\Controllers\ExampleController->testDatabaseConnection()
 3 SYSTEMPATH\CodeIgniter.php(502): CodeIgniter\CodeIgniter->runController(Object(App\Controllers\ExampleController))
 4 SYSTEMPATH\CodeIgniter.php(361): CodeIgniter\CodeIgniter->handleRequest(null, Object(Config\Cache), false)
 5 FCPATH\index.php(79): CodeIgniter\CodeIgniter->run()
CRITICAL - 2024-04-05 17:30:19 --> mysqli_sql_exception: Access denied for user 'root'@'localhost' (using password: YES)
in APPPATH\Controllers\ExampleController.php on line 15.
 1 APPPATH\Controllers\ExampleController.php(15): mysqli->__construct('localhost', 'root', Object(SensitiveParameterValue), 'kavinduw')
 2 SYSTEMPATH\CodeIgniter.php(941): App\Controllers\ExampleController->testDatabaseConnection()
 3 SYSTEMPATH\CodeIgniter.php(502): CodeIgniter\CodeIgniter->runController(Object(App\Controllers\ExampleController))
 4 SYSTEMPATH\CodeIgniter.php(361): CodeIgniter\CodeIgniter->handleRequest(null, Object(Config\Cache), false)
 5 FCPATH\index.php(79): CodeIgniter\CodeIgniter->run()
CRITICAL - 2024-04-05 17:30:20 --> mysqli_sql_exception: Access denied for user 'root'@'localhost' (using password: YES)
in APPPATH\Controllers\ExampleController.php on line 15.
 1 APPPATH\Controllers\ExampleController.php(15): mysqli->__construct('localhost', 'root', Object(SensitiveParameterValue), 'kavinduw')
 2 SYSTEMPATH\CodeIgniter.php(941): App\Controllers\ExampleController->testDatabaseConnection()
 3 SYSTEMPATH\CodeIgniter.php(502): CodeIgniter\CodeIgniter->runController(Object(App\Controllers\ExampleController))
 4 SYSTEMPATH\CodeIgniter.php(361): CodeIgniter\CodeIgniter->handleRequest(null, Object(Config\Cache), false)
 5 FCPATH\index.php(79): CodeIgniter\CodeIgniter->run()
CRITICAL - 2024-04-05 17:30:21 --> mysqli_sql_exception: Access denied for user 'root'@'localhost' (using password: YES)
in APPPATH\Controllers\ExampleController.php on line 15.
 1 APPPATH\Controllers\ExampleController.php(15): mysqli->__construct('localhost', 'root', Object(SensitiveParameterValue), 'kavinduw')
 2 SYSTEMPATH\CodeIgniter.php(941): App\Controllers\ExampleController->testDatabaseConnection()
 3 SYSTEMPATH\CodeIgniter.php(502): CodeIgniter\CodeIgniter->runController(Object(App\Controllers\ExampleController))
 4 SYSTEMPATH\CodeIgniter.php(361): CodeIgniter\CodeIgniter->handleRequest(null, Object(Config\Cache), false)
 5 FCPATH\index.php(79): CodeIgniter\CodeIgniter->run()
CRITICAL - 2024-04-05 17:30:21 --> mysqli_sql_exception: Access denied for user 'root'@'localhost' (using password: YES)
in APPPATH\Controllers\ExampleController.php on line 15.
 1 APPPATH\Controllers\ExampleController.php(15): mysqli->__construct('localhost', 'root', Object(SensitiveParameterValue), 'kavinduw')
 2 SYSTEMPATH\CodeIgniter.php(941): App\Controllers\ExampleController->testDatabaseConnection()
 3 SYSTEMPATH\CodeIgniter.php(502): CodeIgniter\CodeIgniter->runController(Object(App\Controllers\ExampleController))
 4 SYSTEMPATH\CodeIgniter.php(361): CodeIgniter\CodeIgniter->handleRequest(null, Object(Config\Cache), false)
 5 FCPATH\index.php(79): CodeIgniter\CodeIgniter->run()
CRITICAL - 2024-04-05 17:30:22 --> mysqli_sql_exception: Access denied for user 'root'@'localhost' (using password: YES)
in APPPATH\Controllers\ExampleController.php on line 15.
 1 APPPATH\Controllers\ExampleController.php(15): mysqli->__construct('localhost', 'root', Object(SensitiveParameterValue), 'kavinduw')
 2 SYSTEMPATH\CodeIgniter.php(941): App\Controllers\ExampleController->testDatabaseConnection()
 3 SYSTEMPATH\CodeIgniter.php(502): CodeIgniter\CodeIgniter->runController(Object(App\Controllers\ExampleController))
 4 SYSTEMPATH\CodeIgniter.php(361): CodeIgniter\CodeIgniter->handleRequest(null, Object(Config\Cache), false)
 5 FCPATH\index.php(79): CodeIgniter\CodeIgniter->run()
CRITICAL - 2024-04-05 17:30:22 --> mysqli_sql_exception: Access denied for user 'root'@'localhost' (using password: YES)
in APPPATH\Controllers\ExampleController.php on line 15.
 1 APPPATH\Controllers\ExampleController.php(15): mysqli->__construct('localhost', 'root', Object(SensitiveParameterValue), 'kavinduw')
 2 SYSTEMPATH\CodeIgniter.php(941): App\Controllers\ExampleController->testDatabaseConnection()
 3 SYSTEMPATH\CodeIgniter.php(502): CodeIgniter\CodeIgniter->runController(Object(App\Controllers\ExampleController))
 4 SYSTEMPATH\CodeIgniter.php(361): CodeIgniter\CodeIgniter->handleRequest(null, Object(Config\Cache), false)
 5 FCPATH\index.php(79): CodeIgniter\CodeIgniter->run()
CRITICAL - 2024-04-05 17:30:22 --> mysqli_sql_exception: Access denied for user 'root'@'localhost' (using password: YES)
in APPPATH\Controllers\ExampleController.php on line 15.
 1 APPPATH\Controllers\ExampleController.php(15): mysqli->__construct('localhost', 'root', Object(SensitiveParameterValue), 'kavinduw')
 2 SYSTEMPATH\CodeIgniter.php(941): App\Controllers\ExampleController->testDatabaseConnection()
 3 SYSTEMPATH\CodeIgniter.php(502): CodeIgniter\CodeIgniter->runController(Object(App\Controllers\ExampleController))
 4 SYSTEMPATH\CodeIgniter.php(361): CodeIgniter\CodeIgniter->handleRequest(null, Object(Config\Cache), false)
 5 FCPATH\index.php(79): CodeIgniter\CodeIgniter->run()
CRITICAL - 2024-04-05 17:30:52 --> mysqli_sql_exception: Access denied for user 'root'@'localhost' (using password: YES)
in APPPATH\Controllers\ExampleController.php on line 15.
 1 APPPATH\Controllers\ExampleController.php(15): mysqli->__construct('localhost', 'root', Object(SensitiveParameterValue), 'kavinduw')
 2 SYSTEMPATH\CodeIgniter.php(941): App\Controllers\ExampleController->testDatabaseConnection()
 3 SYSTEMPATH\CodeIgniter.php(502): CodeIgniter\CodeIgniter->runController(Object(App\Controllers\ExampleController))
 4 SYSTEMPATH\CodeIgniter.php(361): CodeIgniter\CodeIgniter->handleRequest(null, Object(Config\Cache), false)
 5 FCPATH\index.php(79): CodeIgniter\CodeIgniter->run()
CRITICAL - 2024-04-05 17:35:05 --> TypeError: mysqli::__construct(): Argument #5 ($port) must be of type ?int, string given
in APPPATH\Controllers\ExampleController.php on line 16.
 1 APPPATH\Controllers\ExampleController.php(16): mysqli->__construct('3306', 'localhost', Object(SensitiveParameterValue), 'Kavirandi123', 'kavinduw')
 2 SYSTEMPATH\CodeIgniter.php(941): App\Controllers\ExampleController->testDatabaseConnection()
 3 SYSTEMPATH\CodeIgniter.php(502): CodeIgniter\CodeIgniter->runController(Object(App\Controllers\ExampleController))
 4 SYSTEMPATH\CodeIgniter.php(361): CodeIgniter\CodeIgniter->handleRequest(null, Object(Config\Cache), false)
 5 FCPATH\index.php(79): CodeIgniter\CodeIgniter->run()
CRITICAL - 2024-04-05 17:35:06 --> TypeError: mysqli::__construct(): Argument #5 ($port) must be of type ?int, string given
in APPPATH\Controllers\ExampleController.php on line 16.
 1 APPPATH\Controllers\ExampleController.php(16): mysqli->__construct('3306', 'localhost', Object(SensitiveParameterValue), 'Kavirandi123', 'kavinduw')
 2 SYSTEMPATH\CodeIgniter.php(941): App\Controllers\ExampleController->testDatabaseConnection()
 3 SYSTEMPATH\CodeIgniter.php(502): CodeIgniter\CodeIgniter->runController(Object(App\Controllers\ExampleController))
 4 SYSTEMPATH\CodeIgniter.php(361): CodeIgniter\CodeIgniter->handleRequest(null, Object(Config\Cache), false)
 5 FCPATH\index.php(79): CodeIgniter\CodeIgniter->run()
CRITICAL - 2024-04-05 17:35:06 --> TypeError: mysqli::__construct(): Argument #5 ($port) must be of type ?int, string given
in APPPATH\Controllers\ExampleController.php on line 16.
 1 APPPATH\Controllers\ExampleController.php(16): mysqli->__construct('3306', 'localhost', Object(SensitiveParameterValue), 'Kavirandi123', 'kavinduw')
 2 SYSTEMPATH\CodeIgniter.php(941): App\Controllers\ExampleController->testDatabaseConnection()
 3 SYSTEMPATH\CodeIgniter.php(502): CodeIgniter\CodeIgniter->runController(Object(App\Controllers\ExampleController))
 4 SYSTEMPATH\CodeIgniter.php(361): CodeIgniter\CodeIgniter->handleRequest(null, Object(Config\Cache), false)
 5 FCPATH\index.php(79): CodeIgniter\CodeIgniter->run()
CRITICAL - 2024-04-05 17:41:11 --> TypeError: mysqli::__construct(): Argument #5 ($port) must be of type ?int, string given
in APPPATH\Controllers\ExampleController.php on line 16.
 1 APPPATH\Controllers\ExampleController.php(16): mysqli->__construct('3306', 'localhost', Object(SensitiveParameterValue), 'Kavirandi123', 'cryptoapp')
 2 SYSTEMPATH\CodeIgniter.php(941): App\Controllers\ExampleController->testDatabaseConnection()
 3 SYSTEMPATH\CodeIgniter.php(502): CodeIgniter\CodeIgniter->runController(Object(App\Controllers\ExampleController))
 4 SYSTEMPATH\CodeIgniter.php(361): CodeIgniter\CodeIgniter->handleRequest(null, Object(Config\Cache), false)
 5 FCPATH\index.php(79): CodeIgniter\CodeIgniter->run()
CRITICAL - 2024-04-05 17:41:37 --> mysqli_sql_exception: Access denied for user 'root'@'localhost' (using password: YES)
in APPPATH\Controllers\ExampleController.php on line 15.
 1 APPPATH\Controllers\ExampleController.php(15): mysqli->__construct('localhost', 'root', Object(SensitiveParameterValue), 'cryptoapp')
 2 SYSTEMPATH\CodeIgniter.php(941): App\Controllers\ExampleController->testDatabaseConnection()
 3 SYSTEMPATH\CodeIgniter.php(502): CodeIgniter\CodeIgniter->runController(Object(App\Controllers\ExampleController))
 4 SYSTEMPATH\CodeIgniter.php(361): CodeIgniter\CodeIgniter->handleRequest(null, Object(Config\Cache), false)
 5 FCPATH\index.php(79): CodeIgniter\CodeIgniter->run()
CRITICAL - 2024-04-05 17:41:41 --> mysqli_sql_exception: Access denied for user 'root'@'localhost' (using password: YES)
in APPPATH\Controllers\ExampleController.php on line 15.
 1 APPPATH\Controllers\ExampleController.php(15): mysqli->__construct('localhost', 'root', Object(SensitiveParameterValue), 'cryptoapp')
 2 SYSTEMPATH\CodeIgniter.php(941): App\Controllers\ExampleController->testDatabaseConnection()
 3 SYSTEMPATH\CodeIgniter.php(502): CodeIgniter\CodeIgniter->runController(Object(App\Controllers\ExampleController))
 4 SYSTEMPATH\CodeIgniter.php(361): CodeIgniter\CodeIgniter->handleRequest(null, Object(Config\Cache), false)
 5 FCPATH\index.php(79): CodeIgniter\CodeIgniter->run()
CRITICAL - 2024-04-05 17:41:42 --> mysqli_sql_exception: Access denied for user 'root'@'localhost' (using password: YES)
in APPPATH\Controllers\ExampleController.php on line 15.
 1 APPPATH\Controllers\ExampleController.php(15): mysqli->__construct('localhost', 'root', Object(SensitiveParameterValue), 'cryptoapp')
 2 SYSTEMPATH\CodeIgniter.php(941): App\Controllers\ExampleController->testDatabaseConnection()
 3 SYSTEMPATH\CodeIgniter.php(502): CodeIgniter\CodeIgniter->runController(Object(App\Controllers\ExampleController))
 4 SYSTEMPATH\CodeIgniter.php(361): CodeIgniter\CodeIgniter->handleRequest(null, Object(Config\Cache), false)
 5 FCPATH\index.php(79): CodeIgniter\CodeIgniter->run()
CRITICAL - 2024-04-05 17:41:43 --> mysqli_sql_exception: Access denied for user 'root'@'localhost' (using password: YES)
in APPPATH\Controllers\ExampleController.php on line 15.
 1 APPPATH\Controllers\ExampleController.php(15): mysqli->__construct('localhost', 'root', Object(SensitiveParameterValue), 'cryptoapp')
 2 SYSTEMPATH\CodeIgniter.php(941): App\Controllers\ExampleController->testDatabaseConnection()
 3 SYSTEMPATH\CodeIgniter.php(502): CodeIgniter\CodeIgniter->runController(Object(App\Controllers\ExampleController))
 4 SYSTEMPATH\CodeIgniter.php(361): CodeIgniter\CodeIgniter->handleRequest(null, Object(Config\Cache), false)
 5 FCPATH\index.php(79): CodeIgniter\CodeIgniter->run()
CRITICAL - 2024-04-05 17:55:04 --> CodeIgniter\Database\Exceptions\DataException: Allowed fields must be specified for model: "App\Models\UserModel"
in SYSTEMPATH\Model.php on line 766.
 1 SYSTEMPATH\Model.php(766): CodeIgniter\Database\Exceptions\DataException::forInvalidAllowedFields('App\\Models\\UserModel')
 2 SYSTEMPATH\BaseModel.php(783): CodeIgniter\Model->doProtectFieldsForInsert([...])
 3 SYSTEMPATH\Model.php(744): CodeIgniter\BaseModel->insert([...], true)
 4 APPPATH\Models\UserModel.php(14): CodeIgniter\Model->insert([...])
 5 APPPATH\Controllers\User.php(43): App\Models\UserModel->register_user([...])
 6 SYSTEMPATH\CodeIgniter.php(941): App\Controllers\User->register()
 7 SYSTEMPATH\CodeIgniter.php(502): CodeIgniter\CodeIgniter->runController(Object(App\Controllers\User))
 8 SYSTEMPATH\CodeIgniter.php(361): CodeIgniter\CodeIgniter->handleRequest(null, Object(Config\Cache), false)
 9 FCPATH\index.php(79): CodeIgniter\CodeIgniter->run()
CRITICAL - 2024-04-05 17:57:43 --> CodeIgniter\Database\Exceptions\DataException: Allowed fields must be specified for model: "App\Models\UserModel"
in SYSTEMPATH\Model.php on line 766.
 1 SYSTEMPATH\Model.php(766): CodeIgniter\Database\Exceptions\DataException::forInvalidAllowedFields('App\\Models\\UserModel')
 2 SYSTEMPATH\BaseModel.php(783): CodeIgniter\Model->doProtectFieldsForInsert([...])
 3 SYSTEMPATH\Model.php(744): CodeIgniter\BaseModel->insert([...], true)
 4 APPPATH\Models\UserModel.php(14): CodeIgniter\Model->insert([...])
 5 APPPATH\Controllers\User.php(43): App\Models\UserModel->register_user([...])
 6 SYSTEMPATH\CodeIgniter.php(941): App\Controllers\User->register()
 7 SYSTEMPATH\CodeIgniter.php(502): CodeIgniter\CodeIgniter->runController(Object(App\Controllers\User))
 8 SYSTEMPATH\CodeIgniter.php(361): CodeIgniter\CodeIgniter->handleRequest(null, Object(Config\Cache), false)
 9 FCPATH\index.php(79): CodeIgniter\CodeIgniter->run()
CRITICAL - 2024-04-05 18:03:20 --> CodeIgniter\Database\Exceptions\DataException: Allowed fields must be specified for model: "App\Models\UserModel"
in SYSTEMPATH\Model.php on line 766.
 1 SYSTEMPATH\Model.php(766): CodeIgniter\Database\Exceptions\DataException::forInvalidAllowedFields('App\\Models\\UserModel')
 2 SYSTEMPATH\BaseModel.php(783): CodeIgniter\Model->doProtectFieldsForInsert([...])
 3 SYSTEMPATH\Model.php(744): CodeIgniter\BaseModel->insert([...], true)
 4 APPPATH\Models\UserModel.php(14): CodeIgniter\Model->insert([...])
 5 APPPATH\Controllers\User.php(43): App\Models\UserModel->register_user([...])
 6 SYSTEMPATH\CodeIgniter.php(941): App\Controllers\User->register()
 7 SYSTEMPATH\CodeIgniter.php(502): CodeIgniter\CodeIgniter->runController(Object(App\Controllers\User))
 8 SYSTEMPATH\CodeIgniter.php(361): CodeIgniter\CodeIgniter->handleRequest(null, Object(Config\Cache), false)
 9 FCPATH\index.php(79): CodeIgniter\CodeIgniter->run()
CRITICAL - 2024-04-05 18:13:04 --> Error: Object of class CodeIgniter\Database\MySQLi\Connection could not be converted to string
in APPPATH\Models\UserModel.php on line 16.
 1 APPPATH\Controllers\User.php(43): App\Models\UserModel->register_user([...])
 2 SYSTEMPATH\CodeIgniter.php(941): App\Controllers\User->register()
 3 SYSTEMPATH\CodeIgniter.php(502): CodeIgniter\CodeIgniter->runController(Object(App\Controllers\User))
 4 SYSTEMPATH\CodeIgniter.php(361): CodeIgniter\CodeIgniter->handleRequest(null, Object(Config\Cache), false)
 5 FCPATH\index.php(79): CodeIgniter\CodeIgniter->run()
CRITICAL - 2024-04-05 18:45:03 --> Error: Object of class CodeIgniter\Database\MySQLi\Connection could not be converted to string
in APPPATH\Models\UserModel.php on line 16.
 1 APPPATH\Controllers\User.php(43): App\Models\UserModel->register_user([...])
 2 SYSTEMPATH\CodeIgniter.php(941): App\Controllers\User->register()
 3 SYSTEMPATH\CodeIgniter.php(502): CodeIgniter\CodeIgniter->runController(Object(App\Controllers\User))
 4 SYSTEMPATH\CodeIgniter.php(361): CodeIgniter\CodeIgniter->handleRequest(null, Object(Config\Cache), false)
 5 FCPATH\index.php(79): CodeIgniter\CodeIgniter->run()
CRITICAL - 2024-04-05 18:47:59 --> Error: Object of class CodeIgniter\Database\MySQLi\Connection could not be converted to string
in APPPATH\Models\UserModel.php on line 16.
 1 APPPATH\Controllers\User.php(43): App\Models\UserModel->register_user([...])
 2 SYSTEMPATH\CodeIgniter.php(941): App\Controllers\User->register()
 3 SYSTEMPATH\CodeIgniter.php(502): CodeIgniter\CodeIgniter->runController(Object(App\Controllers\User))
 4 SYSTEMPATH\CodeIgniter.php(361): CodeIgniter\CodeIgniter->handleRequest(null, Object(Config\Cache), false)
 5 FCPATH\index.php(79): CodeIgniter\CodeIgniter->run()
CRITICAL - 2024-04-05 18:49:21 --> Error: Object of class CodeIgniter\Database\MySQLi\Connection could not be converted to string
in APPPATH\Models\UserModel.php on line 16.
 1 APPPATH\Controllers\User.php(43): App\Models\UserModel->register_user([...])
 2 SYSTEMPATH\CodeIgniter.php(941): App\Controllers\User->register()
 3 SYSTEMPATH\CodeIgniter.php(502): CodeIgniter\CodeIgniter->runController(Object(App\Controllers\User))
 4 SYSTEMPATH\CodeIgniter.php(361): CodeIgniter\CodeIgniter->handleRequest(null, Object(Config\Cache), false)
 5 FCPATH\index.php(79): CodeIgniter\CodeIgniter->run()
CRITICAL - 2024-04-05 18:53:02 --> CodeIgniter\Database\Exceptions\DataException: Allowed fields must be specified for model: "App\Models\UserModel"
in SYSTEMPATH\Model.php on line 766.
 1 SYSTEMPATH\Model.php(766): CodeIgniter\Database\Exceptions\DataException::forInvalidAllowedFields('App\\Models\\UserModel')
 2 SYSTEMPATH\BaseModel.php(783): CodeIgniter\Model->doProtectFieldsForInsert([...])
 3 SYSTEMPATH\Model.php(744): CodeIgniter\BaseModel->insert([...], true)
 4 APPPATH\Models\UserModel.php(14): CodeIgniter\Model->insert([...])
 5 APPPATH\Controllers\User.php(43): App\Models\UserModel->register_user([...])
 6 SYSTEMPATH\CodeIgniter.php(941): App\Controllers\User->register()
 7 SYSTEMPATH\CodeIgniter.php(502): CodeIgniter\CodeIgniter->runController(Object(App\Controllers\User))
 8 SYSTEMPATH\CodeIgniter.php(361): CodeIgniter\CodeIgniter->handleRequest(null, Object(Config\Cache), false)
 9 FCPATH\index.php(79): CodeIgniter\CodeIgniter->run()
ERROR - 2024-04-05 18:53:58 --> mysqli_sql_exception: Column 'firstname' cannot be null in D:\iit_Campus\2 nd year\sem 2\Server-Side\week 1\public_html\serverCw\system\Database\MySQLi\Connection.php:306
Stack trace:
#0 D:\iit_Campus\2 nd year\sem 2\Server-Side\week 1\public_html\serverCw\system\Database\MySQLi\Connection.php(306): mysqli->query('INSERT INTO `us...', 0)
#1 D:\iit_Campus\2 nd year\sem 2\Server-Side\week 1\public_html\serverCw\system\Database\BaseConnection.php(693): CodeIgniter\Database\MySQLi\Connection->execute('INSERT INTO `us...')
#2 D:\iit_Campus\2 nd year\sem 2\Server-Side\week 1\public_html\serverCw\system\Database\BaseConnection.php(607): CodeIgniter\Database\BaseConnection->simpleQuery('INSERT INTO `us...')
#3 D:\iit_Campus\2 nd year\sem 2\Server-Side\week 1\public_html\serverCw\system\Database\BaseBuilder.php(2307): CodeIgniter\Database\BaseConnection->query('INSERT INTO `us...', Array, false)
#4 D:\iit_Campus\2 nd year\sem 2\Server-Side\week 1\public_html\serverCw\system\Model.php(326): CodeIgniter\Database\BaseBuilder->insert()
#5 D:\iit_Campus\2 nd year\sem 2\Server-Side\week 1\public_html\serverCw\system\BaseModel.php(802): CodeIgniter\Model->doInsert(Array)
#6 D:\iit_Campus\2 nd year\sem 2\Server-Side\week 1\public_html\serverCw\system\Model.php(744): CodeIgniter\BaseModel->insert(Array, true)
#7 D:\iit_Campus\2 nd year\sem 2\Server-Side\week 1\public_html\serverCw\app\Models\UserModel.php(17): CodeIgniter\Model->insert(Array)
#8 D:\iit_Campus\2 nd year\sem 2\Server-Side\week 1\public_html\serverCw\app\Controllers\User.php(43): App\Models\UserModel->register_user(Array)
#9 D:\iit_Campus\2 nd year\sem 2\Server-Side\week 1\public_html\serverCw\system\CodeIgniter.php(941): App\Controllers\User->register()
#10 D:\iit_Campus\2 nd year\sem 2\Server-Side\week 1\public_html\serverCw\system\CodeIgniter.php(502): CodeIgniter\CodeIgniter->runController(Object(App\Controllers\User))
#11 D:\iit_Campus\2 nd year\sem 2\Server-Side\week 1\public_html\serverCw\system\CodeIgniter.php(361): CodeIgniter\CodeIgniter->handleRequest(NULL, Object(Config\Cache), false)
#12 D:\iit_Campus\2 nd year\sem 2\Server-Side\week 1\public_html\serverCw\public\index.php(79): CodeIgniter\CodeIgniter->run()
#13 {main}
CRITICAL - 2024-04-05 18:53:58 --> CodeIgniter\Database\Exceptions\DatabaseException: Column 'firstname' cannot be null
in SYSTEMPATH\Database\BaseConnection.php on line 647.
 1 SYSTEMPATH\Database\BaseBuilder.php(2307): CodeIgniter\Database\BaseConnection->query('INSERT INTO `users` (`firstname`, `lastname`, `email`, `username`, `password`) VALUES (:firstname:, :lastname:, :email:, :username:, :password:)', [...], false)
 2 SYSTEMPATH\Model.php(326): CodeIgniter\Database\BaseBuilder->insert()
 3 SYSTEMPATH\BaseModel.php(802): CodeIgniter\Model->doInsert([...])
 4 SYSTEMPATH\Model.php(744): CodeIgniter\BaseModel->insert([...], true)
 5 APPPATH\Models\UserModel.php(17): CodeIgniter\Model->insert([...])
 6 APPPATH\Controllers\User.php(43): App\Models\UserModel->register_user([...])
 7 SYSTEMPATH\CodeIgniter.php(941): App\Controllers\User->register()
 8 SYSTEMPATH\CodeIgniter.php(502): CodeIgniter\CodeIgniter->runController(Object(App\Controllers\User))
 9 SYSTEMPATH\CodeIgniter.php(361): CodeIgniter\CodeIgniter->handleRequest(null, Object(Config\Cache), false)
10 FCPATH\index.php(79): CodeIgniter\CodeIgniter->run()
CRITICAL - 2024-04-05 18:53:58 --> [Caused by] CodeIgniter\Database\Exceptions\DatabaseException: Column 'firstname' cannot be null
in SYSTEMPATH\Database\MySQLi\Connection.php on line 311.
 1 SYSTEMPATH\Database\BaseConnection.php(693): CodeIgniter\Database\MySQLi\Connection->execute('INSERT INTO `users` (`firstname`, `lastname`, `email`, `username`, `password`) VALUES (NULL, NULL, NULL, NULL, NULL)')
 2 SYSTEMPATH\Database\BaseConnection.php(607): CodeIgniter\Database\BaseConnection->simpleQuery('INSERT INTO `users` (`firstname`, `lastname`, `email`, `username`, `password`) VALUES (NULL, NULL, NULL, NULL, NULL)')
 3 SYSTEMPATH\Database\BaseBuilder.php(2307): CodeIgniter\Database\BaseConnection->query('INSERT INTO `users` (`firstname`, `lastname`, `email`, `username`, `password`) VALUES (:firstname:, :lastname:, :email:, :username:, :password:)', [...], false)
 4 SYSTEMPATH\Model.php(326): CodeIgniter\Database\BaseBuilder->insert()
 5 SYSTEMPATH\BaseModel.php(802): CodeIgniter\Model->doInsert([...])
 6 SYSTEMPATH\Model.php(744): CodeIgniter\BaseModel->insert([...], true)
 7 APPPATH\Models\UserModel.php(17): CodeIgniter\Model->insert([...])
 8 APPPATH\Controllers\User.php(43): App\Models\UserModel->register_user([...])
 9 SYSTEMPATH\CodeIgniter.php(941): App\Controllers\User->register()
10 SYSTEMPATH\CodeIgniter.php(502): CodeIgniter\CodeIgniter->runController(Object(App\Controllers\User))
11 SYSTEMPATH\CodeIgniter.php(361): CodeIgniter\CodeIgniter->handleRequest(null, Object(Config\Cache), false)
12 FCPATH\index.php(79): CodeIgniter\CodeIgniter->run()
CRITICAL - 2024-04-05 18:53:58 --> [Caused by] mysqli_sql_exception: Column 'firstname' cannot be null
in SYSTEMPATH\Database\MySQLi\Connection.php on line 306.
 1 SYSTEMPATH\Database\MySQLi\Connection.php(306): mysqli->query('INSERT INTO `users` (`firstname`, `lastname`, `email`, `username`, `password`) VALUES (NULL, NULL, NULL, NULL, NULL)', 0)
 2 SYSTEMPATH\Database\BaseConnection.php(693): CodeIgniter\Database\MySQLi\Connection->execute('INSERT INTO `users` (`firstname`, `lastname`, `email`, `username`, `password`) VALUES (NULL, NULL, NULL, NULL, NULL)')
 3 SYSTEMPATH\Database\BaseConnection.php(607): CodeIgniter\Database\BaseConnection->simpleQuery('INSERT INTO `users` (`firstname`, `lastname`, `email`, `username`, `password`) VALUES (NULL, NULL, NULL, NULL, NULL)')
 4 SYSTEMPATH\Database\BaseBuilder.php(2307): CodeIgniter\Database\BaseConnection->query('INSERT INTO `users` (`firstname`, `lastname`, `email`, `username`, `password`) VALUES (:firstname:, :lastname:, :email:, :username:, :password:)', [...], false)
 5 SYSTEMPATH\Model.php(326): CodeIgniter\Database\BaseBuilder->insert()
 6 SYSTEMPATH\BaseModel.php(802): CodeIgniter\Model->doInsert([...])
 7 SYSTEMPATH\Model.php(744): CodeIgniter\BaseModel->insert([...], true)
 8 APPPATH\Models\UserModel.php(17): CodeIgniter\Model->insert([...])
 9 APPPATH\Controllers\User.php(43): App\Models\UserModel->register_user([...])
10 SYSTEMPATH\CodeIgniter.php(941): App\Controllers\User->register()
11 SYSTEMPATH\CodeIgniter.php(502): CodeIgniter\CodeIgniter->runController(Object(App\Controllers\User))
12 SYSTEMPATH\CodeIgniter.php(361): CodeIgniter\CodeIgniter->handleRequest(null, Object(Config\Cache), false)
13 FCPATH\index.php(79): CodeIgniter\CodeIgniter->run()
CRITICAL - 2024-04-05 19:01:20 --> Error: Call to a member function post() on null
in APPPATH\Models\UserModel.php on line 18.
 1 APPPATH\Controllers\User.php(43): App\Models\UserModel->register_user([...])
 2 SYSTEMPATH\CodeIgniter.php(941): App\Controllers\User->register()
 3 SYSTEMPATH\CodeIgniter.php(502): CodeIgniter\CodeIgniter->runController(Object(App\Controllers\User))
 4 SYSTEMPATH\CodeIgniter.php(361): CodeIgniter\CodeIgniter->handleRequest(null, Object(Config\Cache), false)
 5 FCPATH\index.php(79): CodeIgniter\CodeIgniter->run()
ERROR - 2024-04-05 19:03:40 --> mysqli_sql_exception: Column 'firstname' cannot be null in D:\iit_Campus\2 nd year\sem 2\Server-Side\week 1\public_html\serverCw\system\Database\MySQLi\Connection.php:306
Stack trace:
#0 D:\iit_Campus\2 nd year\sem 2\Server-Side\week 1\public_html\serverCw\system\Database\MySQLi\Connection.php(306): mysqli->query('INSERT INTO `us...', 0)
#1 D:\iit_Campus\2 nd year\sem 2\Server-Side\week 1\public_html\serverCw\system\Database\BaseConnection.php(693): CodeIgniter\Database\MySQLi\Connection->execute('INSERT INTO `us...')
#2 D:\iit_Campus\2 nd year\sem 2\Server-Side\week 1\public_html\serverCw\system\Database\BaseConnection.php(607): CodeIgniter\Database\BaseConnection->simpleQuery('INSERT INTO `us...')
#3 D:\iit_Campus\2 nd year\sem 2\Server-Side\week 1\public_html\serverCw\system\Database\BaseBuilder.php(2307): CodeIgniter\Database\BaseConnection->query('INSERT INTO `us...', Array, false)
#4 D:\iit_Campus\2 nd year\sem 2\Server-Side\week 1\public_html\serverCw\system\Model.php(326): CodeIgniter\Database\BaseBuilder->insert()
#5 D:\iit_Campus\2 nd year\sem 2\Server-Side\week 1\public_html\serverCw\system\BaseModel.php(802): CodeIgniter\Model->doInsert(Array)
#6 D:\iit_Campus\2 nd year\sem 2\Server-Side\week 1\public_html\serverCw\system\Model.php(744): CodeIgniter\BaseModel->insert(Array, true)
#7 D:\iit_Campus\2 nd year\sem 2\Server-Side\week 1\public_html\serverCw\app\Models\UserModel.php(15): CodeIgniter\Model->insert(Array)
#8 D:\iit_Campus\2 nd year\sem 2\Server-Side\week 1\public_html\serverCw\app\Controllers\User.php(37): App\Models\UserModel->register_user(Array)
#9 D:\iit_Campus\2 nd year\sem 2\Server-Side\week 1\public_html\serverCw\system\CodeIgniter.php(941): App\Controllers\User->register()
#10 D:\iit_Campus\2 nd year\sem 2\Server-Side\week 1\public_html\serverCw\system\CodeIgniter.php(502): CodeIgniter\CodeIgniter->runController(Object(App\Controllers\User))
#11 D:\iit_Campus\2 nd year\sem 2\Server-Side\week 1\public_html\serverCw\system\CodeIgniter.php(361): CodeIgniter\CodeIgniter->handleRequest(NULL, Object(Config\Cache), false)
#12 D:\iit_Campus\2 nd year\sem 2\Server-Side\week 1\public_html\serverCw\public\index.php(79): CodeIgniter\CodeIgniter->run()
#13 {main}
CRITICAL - 2024-04-05 19:03:40 --> CodeIgniter\Database\Exceptions\DatabaseException: Column 'firstname' cannot be null
in SYSTEMPATH\Database\BaseConnection.php on line 647.
 1 SYSTEMPATH\Database\BaseBuilder.php(2307): CodeIgniter\Database\BaseConnection->query('INSERT INTO `users` (`firstname`, `lastname`, `email`, `username`, `password`) VALUES (:firstname:, :lastname:, :email:, :username:, :password:)', [...], false)
 2 SYSTEMPATH\Model.php(326): CodeIgniter\Database\BaseBuilder->insert()
 3 SYSTEMPATH\BaseModel.php(802): CodeIgniter\Model->doInsert([...])
 4 SYSTEMPATH\Model.php(744): CodeIgniter\BaseModel->insert([...], true)
 5 APPPATH\Models\UserModel.php(15): CodeIgniter\Model->insert([...])
 6 APPPATH\Controllers\User.php(37): App\Models\UserModel->register_user([...])
 7 SYSTEMPATH\CodeIgniter.php(941): App\Controllers\User->register()
 8 SYSTEMPATH\CodeIgniter.php(502): CodeIgniter\CodeIgniter->runController(Object(App\Controllers\User))
 9 SYSTEMPATH\CodeIgniter.php(361): CodeIgniter\CodeIgniter->handleRequest(null, Object(Config\Cache), false)
10 FCPATH\index.php(79): CodeIgniter\CodeIgniter->run()
CRITICAL - 2024-04-05 19:03:40 --> [Caused by] CodeIgniter\Database\Exceptions\DatabaseException: Column 'firstname' cannot be null
in SYSTEMPATH\Database\MySQLi\Connection.php on line 311.
 1 SYSTEMPATH\Database\BaseConnection.php(693): CodeIgniter\Database\MySQLi\Connection->execute('INSERT INTO `users` (`firstname`, `lastname`, `email`, `username`, `password`) VALUES (NULL, NULL, NULL, NULL, NULL)')
 2 SYSTEMPATH\Database\BaseConnection.php(607): CodeIgniter\Database\BaseConnection->simpleQuery('INSERT INTO `users` (`firstname`, `lastname`, `email`, `username`, `password`) VALUES (NULL, NULL, NULL, NULL, NULL)')
 3 SYSTEMPATH\Database\BaseBuilder.php(2307): CodeIgniter\Database\BaseConnection->query('INSERT INTO `users` (`firstname`, `lastname`, `email`, `username`, `password`) VALUES (:firstname:, :lastname:, :email:, :username:, :password:)', [...], false)
 4 SYSTEMPATH\Model.php(326): CodeIgniter\Database\BaseBuilder->insert()
 5 SYSTEMPATH\BaseModel.php(802): CodeIgniter\Model->doInsert([...])
 6 SYSTEMPATH\Model.php(744): CodeIgniter\BaseModel->insert([...], true)
 7 APPPATH\Models\UserModel.php(15): CodeIgniter\Model->insert([...])
 8 APPPATH\Controllers\User.php(37): App\Models\UserModel->register_user([...])
 9 SYSTEMPATH\CodeIgniter.php(941): App\Controllers\User->register()
10 SYSTEMPATH\CodeIgniter.php(502): CodeIgniter\CodeIgniter->runController(Object(App\Controllers\User))
11 SYSTEMPATH\CodeIgniter.php(361): CodeIgniter\CodeIgniter->handleRequest(null, Object(Config\Cache), false)
12 FCPATH\index.php(79): CodeIgniter\CodeIgniter->run()
CRITICAL - 2024-04-05 19:03:40 --> [Caused by] mysqli_sql_exception: Column 'firstname' cannot be null
in SYSTEMPATH\Database\MySQLi\Connection.php on line 306.
 1 SYSTEMPATH\Database\MySQLi\Connection.php(306): mysqli->query('INSERT INTO `users` (`firstname`, `lastname`, `email`, `username`, `password`) VALUES (NULL, NULL, NULL, NULL, NULL)', 0)
 2 SYSTEMPATH\Database\BaseConnection.php(693): CodeIgniter\Database\MySQLi\Connection->execute('INSERT INTO `users` (`firstname`, `lastname`, `email`, `username`, `password`) VALUES (NULL, NULL, NULL, NULL, NULL)')
 3 SYSTEMPATH\Database\BaseConnection.php(607): CodeIgniter\Database\BaseConnection->simpleQuery('INSERT INTO `users` (`firstname`, `lastname`, `email`, `username`, `password`) VALUES (NULL, NULL, NULL, NULL, NULL)')
 4 SYSTEMPATH\Database\BaseBuilder.php(2307): CodeIgniter\Database\BaseConnection->query('INSERT INTO `users` (`firstname`, `lastname`, `email`, `username`, `password`) VALUES (:firstname:, :lastname:, :email:, :username:, :password:)', [...], false)
 5 SYSTEMPATH\Model.php(326): CodeIgniter\Database\BaseBuilder->insert()
 6 SYSTEMPATH\BaseModel.php(802): CodeIgniter\Model->doInsert([...])
 7 SYSTEMPATH\Model.php(744): CodeIgniter\BaseModel->insert([...], true)
 8 APPPATH\Models\UserModel.php(15): CodeIgniter\Model->insert([...])
 9 APPPATH\Controllers\User.php(37): App\Models\UserModel->register_user([...])
10 SYSTEMPATH\CodeIgniter.php(941): App\Controllers\User->register()
11 SYSTEMPATH\CodeIgniter.php(502): CodeIgniter\CodeIgniter->runController(Object(App\Controllers\User))
12 SYSTEMPATH\CodeIgniter.php(361): CodeIgniter\CodeIgniter->handleRequest(null, Object(Config\Cache), false)
13 FCPATH\index.php(79): CodeIgniter\CodeIgniter->run()
ERROR - 2024-04-05 19:08:03 --> mysqli_sql_exception: Column 'firstname' cannot be null in D:\iit_Campus\2 nd year\sem 2\Server-Side\week 1\public_html\serverCw\system\Database\MySQLi\Connection.php:306
Stack trace:
#0 D:\iit_Campus\2 nd year\sem 2\Server-Side\week 1\public_html\serverCw\system\Database\MySQLi\Connection.php(306): mysqli->query('INSERT INTO `us...', 0)
#1 D:\iit_Campus\2 nd year\sem 2\Server-Side\week 1\public_html\serverCw\system\Database\BaseConnection.php(693): CodeIgniter\Database\MySQLi\Connection->execute('INSERT INTO `us...')
#2 D:\iit_Campus\2 nd year\sem 2\Server-Side\week 1\public_html\serverCw\system\Database\BaseConnection.php(607): CodeIgniter\Database\BaseConnection->simpleQuery('INSERT INTO `us...')
#3 D:\iit_Campus\2 nd year\sem 2\Server-Side\week 1\public_html\serverCw\system\Database\BaseBuilder.php(2307): CodeIgniter\Database\BaseConnection->query('INSERT INTO `us...', Array, false)
#4 D:\iit_Campus\2 nd year\sem 2\Server-Side\week 1\public_html\serverCw\system\Model.php(326): CodeIgniter\Database\BaseBuilder->insert()
#5 D:\iit_Campus\2 nd year\sem 2\Server-Side\week 1\public_html\serverCw\system\BaseModel.php(802): CodeIgniter\Model->doInsert(Array)
#6 D:\iit_Campus\2 nd year\sem 2\Server-Side\week 1\public_html\serverCw\system\Model.php(744): CodeIgniter\BaseModel->insert(Array, true)
#7 D:\iit_Campus\2 nd year\sem 2\Server-Side\week 1\public_html\serverCw\app\Models\UserModel.php(15): CodeIgniter\Model->insert(Array)
#8 D:\iit_Campus\2 nd year\sem 2\Server-Side\week 1\public_html\serverCw\app\Controllers\User.php(37): App\Models\UserModel->register_user(Array)
#9 D:\iit_Campus\2 nd year\sem 2\Server-Side\week 1\public_html\serverCw\system\CodeIgniter.php(941): App\Controllers\User->register()
#10 D:\iit_Campus\2 nd year\sem 2\Server-Side\week 1\public_html\serverCw\system\CodeIgniter.php(502): CodeIgniter\CodeIgniter->runController(Object(App\Controllers\User))
#11 D:\iit_Campus\2 nd year\sem 2\Server-Side\week 1\public_html\serverCw\system\CodeIgniter.php(361): CodeIgniter\CodeIgniter->handleRequest(NULL, Object(Config\Cache), false)
#12 D:\iit_Campus\2 nd year\sem 2\Server-Side\week 1\public_html\serverCw\public\index.php(79): CodeIgniter\CodeIgniter->run()
#13 {main}
CRITICAL - 2024-04-05 19:08:03 --> CodeIgniter\Database\Exceptions\DatabaseException: Column 'firstname' cannot be null
in SYSTEMPATH\Database\BaseConnection.php on line 647.
 1 SYSTEMPATH\Database\BaseBuilder.php(2307): CodeIgniter\Database\BaseConnection->query('INSERT INTO `users` (`firstname`, `lastname`, `email`, `username`, `password`) VALUES (:firstname:, :lastname:, :email:, :username:, :password:)', [...], false)
 2 SYSTEMPATH\Model.php(326): CodeIgniter\Database\BaseBuilder->insert()
 3 SYSTEMPATH\BaseModel.php(802): CodeIgniter\Model->doInsert([...])
 4 SYSTEMPATH\Model.php(744): CodeIgniter\BaseModel->insert([...], true)
 5 APPPATH\Models\UserModel.php(15): CodeIgniter\Model->insert([...])
 6 APPPATH\Controllers\User.php(37): App\Models\UserModel->register_user([...])
 7 SYSTEMPATH\CodeIgniter.php(941): App\Controllers\User->register()
 8 SYSTEMPATH\CodeIgniter.php(502): CodeIgniter\CodeIgniter->runController(Object(App\Controllers\User))
 9 SYSTEMPATH\CodeIgniter.php(361): CodeIgniter\CodeIgniter->handleRequest(null, Object(Config\Cache), false)
10 FCPATH\index.php(79): CodeIgniter\CodeIgniter->run()
CRITICAL - 2024-04-05 19:08:03 --> [Caused by] CodeIgniter\Database\Exceptions\DatabaseException: Column 'firstname' cannot be null
in SYSTEMPATH\Database\MySQLi\Connection.php on line 311.
 1 SYSTEMPATH\Database\BaseConnection.php(693): CodeIgniter\Database\MySQLi\Connection->execute('INSERT INTO `users` (`firstname`, `lastname`, `email`, `username`, `password`) VALUES (NULL, NULL, NULL, NULL, NULL)')
 2 SYSTEMPATH\Database\BaseConnection.php(607): CodeIgniter\Database\BaseConnection->simpleQuery('INSERT INTO `users` (`firstname`, `lastname`, `email`, `username`, `password`) VALUES (NULL, NULL, NULL, NULL, NULL)')
 3 SYSTEMPATH\Database\BaseBuilder.php(2307): CodeIgniter\Database\BaseConnection->query('INSERT INTO `users` (`firstname`, `lastname`, `email`, `username`, `password`) VALUES (:firstname:, :lastname:, :email:, :username:, :password:)', [...], false)
 4 SYSTEMPATH\Model.php(326): CodeIgniter\Database\BaseBuilder->insert()
 5 SYSTEMPATH\BaseModel.php(802): CodeIgniter\Model->doInsert([...])
 6 SYSTEMPATH\Model.php(744): CodeIgniter\BaseModel->insert([...], true)
 7 APPPATH\Models\UserModel.php(15): CodeIgniter\Model->insert([...])
 8 APPPATH\Controllers\User.php(37): App\Models\UserModel->register_user([...])
 9 SYSTEMPATH\CodeIgniter.php(941): App\Controllers\User->register()
10 SYSTEMPATH\CodeIgniter.php(502): CodeIgniter\CodeIgniter->runController(Object(App\Controllers\User))
11 SYSTEMPATH\CodeIgniter.php(361): CodeIgniter\CodeIgniter->handleRequest(null, Object(Config\Cache), false)
12 FCPATH\index.php(79): CodeIgniter\CodeIgniter->run()
CRITICAL - 2024-04-05 19:08:03 --> [Caused by] mysqli_sql_exception: Column 'firstname' cannot be null
in SYSTEMPATH\Database\MySQLi\Connection.php on line 306.
 1 SYSTEMPATH\Database\MySQLi\Connection.php(306): mysqli->query('INSERT INTO `users` (`firstname`, `lastname`, `email`, `username`, `password`) VALUES (NULL, NULL, NULL, NULL, NULL)', 0)
 2 SYSTEMPATH\Database\BaseConnection.php(693): CodeIgniter\Database\MySQLi\Connection->execute('INSERT INTO `users` (`firstname`, `lastname`, `email`, `username`, `password`) VALUES (NULL, NULL, NULL, NULL, NULL)')
 3 SYSTEMPATH\Database\BaseConnection.php(607): CodeIgniter\Database\BaseConnection->simpleQuery('INSERT INTO `users` (`firstname`, `lastname`, `email`, `username`, `password`) VALUES (NULL, NULL, NULL, NULL, NULL)')
 4 SYSTEMPATH\Database\BaseBuilder.php(2307): CodeIgniter\Database\BaseConnection->query('INSERT INTO `users` (`firstname`, `lastname`, `email`, `username`, `password`) VALUES (:firstname:, :lastname:, :email:, :username:, :password:)', [...], false)
 5 SYSTEMPATH\Model.php(326): CodeIgniter\Database\BaseBuilder->insert()
 6 SYSTEMPATH\BaseModel.php(802): CodeIgniter\Model->doInsert([...])
 7 SYSTEMPATH\Model.php(744): CodeIgniter\BaseModel->insert([...], true)
 8 APPPATH\Models\UserModel.php(15): CodeIgniter\Model->insert([...])
 9 APPPATH\Controllers\User.php(37): App\Models\UserModel->register_user([...])
10 SYSTEMPATH\CodeIgniter.php(941): App\Controllers\User->register()
11 SYSTEMPATH\CodeIgniter.php(502): CodeIgniter\CodeIgniter->runController(Object(App\Controllers\User))
12 SYSTEMPATH\CodeIgniter.php(361): CodeIgniter\CodeIgniter->handleRequest(null, Object(Config\Cache), false)
13 FCPATH\index.php(79): CodeIgniter\CodeIgniter->run()
ERROR - 2024-04-05 19:12:08 --> mysqli_sql_exception: Column 'firstname' cannot be null in D:\iit_Campus\2 nd year\sem 2\Server-Side\week 1\public_html\serverCw\system\Database\MySQLi\Connection.php:306
Stack trace:
#0 D:\iit_Campus\2 nd year\sem 2\Server-Side\week 1\public_html\serverCw\system\Database\MySQLi\Connection.php(306): mysqli->query('INSERT INTO `us...', 0)
#1 D:\iit_Campus\2 nd year\sem 2\Server-Side\week 1\public_html\serverCw\system\Database\BaseConnection.php(693): CodeIgniter\Database\MySQLi\Connection->execute('INSERT INTO `us...')
#2 D:\iit_Campus\2 nd year\sem 2\Server-Side\week 1\public_html\serverCw\system\Database\BaseConnection.php(607): CodeIgniter\Database\BaseConnection->simpleQuery('INSERT INTO `us...')
#3 D:\iit_Campus\2 nd year\sem 2\Server-Side\week 1\public_html\serverCw\system\Database\BaseBuilder.php(2307): CodeIgniter\Database\BaseConnection->query('INSERT INTO `us...', Array, false)
#4 D:\iit_Campus\2 nd year\sem 2\Server-Side\week 1\public_html\serverCw\system\Model.php(326): CodeIgniter\Database\BaseBuilder->insert()
#5 D:\iit_Campus\2 nd year\sem 2\Server-Side\week 1\public_html\serverCw\system\BaseModel.php(802): CodeIgniter\Model->doInsert(Array)
#6 D:\iit_Campus\2 nd year\sem 2\Server-Side\week 1\public_html\serverCw\system\Model.php(744): CodeIgniter\BaseModel->insert(Array, true)
#7 D:\iit_Campus\2 nd year\sem 2\Server-Side\week 1\public_html\serverCw\app\Controllers\User.php(40): CodeIgniter\Model->insert(Array)
#8 D:\iit_Campus\2 nd year\sem 2\Server-Side\week 1\public_html\serverCw\system\CodeIgniter.php(941): App\Controllers\User->register()
#9 D:\iit_Campus\2 nd year\sem 2\Server-Side\week 1\public_html\serverCw\system\CodeIgniter.php(502): CodeIgniter\CodeIgniter->runController(Object(App\Controllers\User))
#10 D:\iit_Campus\2 nd year\sem 2\Server-Side\week 1\public_html\serverCw\system\CodeIgniter.php(361): CodeIgniter\CodeIgniter->handleRequest(NULL, Object(Config\Cache), false)
#11 D:\iit_Campus\2 nd year\sem 2\Server-Side\week 1\public_html\serverCw\public\index.php(79): CodeIgniter\CodeIgniter->run()
#12 {main}
CRITICAL - 2024-04-05 19:12:08 --> CodeIgniter\Database\Exceptions\DatabaseException: Column 'firstname' cannot be null
in SYSTEMPATH\Database\BaseConnection.php on line 647.
 1 SYSTEMPATH\Database\BaseBuilder.php(2307): CodeIgniter\Database\BaseConnection->query('INSERT INTO `users` (`firstname`, `lastname`, `email`, `username`, `password`) VALUES (:firstname:, :lastname:, :email:, :username:, :password:)', [...], false)
 2 SYSTEMPATH\Model.php(326): CodeIgniter\Database\BaseBuilder->insert()
 3 SYSTEMPATH\BaseModel.php(802): CodeIgniter\Model->doInsert([...])
 4 SYSTEMPATH\Model.php(744): CodeIgniter\BaseModel->insert([...], true)
 5 APPPATH\Controllers\User.php(40): CodeIgniter\Model->insert([...])
 6 SYSTEMPATH\CodeIgniter.php(941): App\Controllers\User->register()
 7 SYSTEMPATH\CodeIgniter.php(502): CodeIgniter\CodeIgniter->runController(Object(App\Controllers\User))
 8 SYSTEMPATH\CodeIgniter.php(361): CodeIgniter\CodeIgniter->handleRequest(null, Object(Config\Cache), false)
 9 FCPATH\index.php(79): CodeIgniter\CodeIgniter->run()
CRITICAL - 2024-04-05 19:12:08 --> [Caused by] CodeIgniter\Database\Exceptions\DatabaseException: Column 'firstname' cannot be null
in SYSTEMPATH\Database\MySQLi\Connection.php on line 311.
 1 SYSTEMPATH\Database\BaseConnection.php(693): CodeIgniter\Database\MySQLi\Connection->execute('INSERT INTO `users` (`firstname`, `lastname`, `email`, `username`, `password`) VALUES (NULL, NULL, NULL, NULL, NULL)')
 2 SYSTEMPATH\Database\BaseConnection.php(607): CodeIgniter\Database\BaseConnection->simpleQuery('INSERT INTO `users` (`firstname`, `lastname`, `email`, `username`, `password`) VALUES (NULL, NULL, NULL, NULL, NULL)')
 3 SYSTEMPATH\Database\BaseBuilder.php(2307): CodeIgniter\Database\BaseConnection->query('INSERT INTO `users` (`firstname`, `lastname`, `email`, `username`, `password`) VALUES (:firstname:, :lastname:, :email:, :username:, :password:)', [...], false)
 4 SYSTEMPATH\Model.php(326): CodeIgniter\Database\BaseBuilder->insert()
 5 SYSTEMPATH\BaseModel.php(802): CodeIgniter\Model->doInsert([...])
 6 SYSTEMPATH\Model.php(744): CodeIgniter\BaseModel->insert([...], true)
 7 APPPATH\Controllers\User.php(40): CodeIgniter\Model->insert([...])
 8 SYSTEMPATH\CodeIgniter.php(941): App\Controllers\User->register()
 9 SYSTEMPATH\CodeIgniter.php(502): CodeIgniter\CodeIgniter->runController(Object(App\Controllers\User))
10 SYSTEMPATH\CodeIgniter.php(361): CodeIgniter\CodeIgniter->handleRequest(null, Object(Config\Cache), false)
11 FCPATH\index.php(79): CodeIgniter\CodeIgniter->run()
CRITICAL - 2024-04-05 19:12:08 --> [Caused by] mysqli_sql_exception: Column 'firstname' cannot be null
in SYSTEMPATH\Database\MySQLi\Connection.php on line 306.
 1 SYSTEMPATH\Database\MySQLi\Connection.php(306): mysqli->query('INSERT INTO `users` (`firstname`, `lastname`, `email`, `username`, `password`) VALUES (NULL, NULL, NULL, NULL, NULL)', 0)
 2 SYSTEMPATH\Database\BaseConnection.php(693): CodeIgniter\Database\MySQLi\Connection->execute('INSERT INTO `users` (`firstname`, `lastname`, `email`, `username`, `password`) VALUES (NULL, NULL, NULL, NULL, NULL)')
 3 SYSTEMPATH\Database\BaseConnection.php(607): CodeIgniter\Database\BaseConnection->simpleQuery('INSERT INTO `users` (`firstname`, `lastname`, `email`, `username`, `password`) VALUES (NULL, NULL, NULL, NULL, NULL)')
 4 SYSTEMPATH\Database\BaseBuilder.php(2307): CodeIgniter\Database\BaseConnection->query('INSERT INTO `users` (`firstname`, `lastname`, `email`, `username`, `password`) VALUES (:firstname:, :lastname:, :email:, :username:, :password:)', [...], false)
 5 SYSTEMPATH\Model.php(326): CodeIgniter\Database\BaseBuilder->insert()
 6 SYSTEMPATH\BaseModel.php(802): CodeIgniter\Model->doInsert([...])
 7 SYSTEMPATH\Model.php(744): CodeIgniter\BaseModel->insert([...], true)
 8 APPPATH\Controllers\User.php(40): CodeIgniter\Model->insert([...])
 9 SYSTEMPATH\CodeIgniter.php(941): App\Controllers\User->register()
10 SYSTEMPATH\CodeIgniter.php(502): CodeIgniter\CodeIgniter->runController(Object(App\Controllers\User))
11 SYSTEMPATH\CodeIgniter.php(361): CodeIgniter\CodeIgniter->handleRequest(null, Object(Config\Cache), false)
12 FCPATH\index.php(79): CodeIgniter\CodeIgniter->run()
ERROR - 2024-04-05 19:12:19 --> mysqli_sql_exception: Column 'firstname' cannot be null in D:\iit_Campus\2 nd year\sem 2\Server-Side\week 1\public_html\serverCw\system\Database\MySQLi\Connection.php:306
Stack trace:
#0 D:\iit_Campus\2 nd year\sem 2\Server-Side\week 1\public_html\serverCw\system\Database\MySQLi\Connection.php(306): mysqli->query('INSERT INTO `us...', 0)
#1 D:\iit_Campus\2 nd year\sem 2\Server-Side\week 1\public_html\serverCw\system\Database\BaseConnection.php(693): CodeIgniter\Database\MySQLi\Connection->execute('INSERT INTO `us...')
#2 D:\iit_Campus\2 nd year\sem 2\Server-Side\week 1\public_html\serverCw\system\Database\BaseConnection.php(607): CodeIgniter\Database\BaseConnection->simpleQuery('INSERT INTO `us...')
#3 D:\iit_Campus\2 nd year\sem 2\Server-Side\week 1\public_html\serverCw\system\Database\BaseBuilder.php(2307): CodeIgniter\Database\BaseConnection->query('INSERT INTO `us...', Array, false)
#4 D:\iit_Campus\2 nd year\sem 2\Server-Side\week 1\public_html\serverCw\system\Model.php(326): CodeIgniter\Database\BaseBuilder->insert()
#5 D:\iit_Campus\2 nd year\sem 2\Server-Side\week 1\public_html\serverCw\system\BaseModel.php(802): CodeIgniter\Model->doInsert(Array)
#6 D:\iit_Campus\2 nd year\sem 2\Server-Side\week 1\public_html\serverCw\system\Model.php(744): CodeIgniter\BaseModel->insert(Array, true)
#7 D:\iit_Campus\2 nd year\sem 2\Server-Side\week 1\public_html\serverCw\app\Controllers\User.php(40): CodeIgniter\Model->insert(Array)
#8 D:\iit_Campus\2 nd year\sem 2\Server-Side\week 1\public_html\serverCw\system\CodeIgniter.php(941): App\Controllers\User->register()
#9 D:\iit_Campus\2 nd year\sem 2\Server-Side\week 1\public_html\serverCw\system\CodeIgniter.php(502): CodeIgniter\CodeIgniter->runController(Object(App\Controllers\User))
#10 D:\iit_Campus\2 nd year\sem 2\Server-Side\week 1\public_html\serverCw\system\CodeIgniter.php(361): CodeIgniter\CodeIgniter->handleRequest(NULL, Object(Config\Cache), false)
#11 D:\iit_Campus\2 nd year\sem 2\Server-Side\week 1\public_html\serverCw\public\index.php(79): CodeIgniter\CodeIgniter->run()
#12 {main}
CRITICAL - 2024-04-05 19:12:19 --> CodeIgniter\Database\Exceptions\DatabaseException: Column 'firstname' cannot be null
in SYSTEMPATH\Database\BaseConnection.php on line 647.
 1 SYSTEMPATH\Database\BaseBuilder.php(2307): CodeIgniter\Database\BaseConnection->query('INSERT INTO `users` (`firstname`, `lastname`, `email`, `username`, `password`) VALUES (:firstname:, :lastname:, :email:, :username:, :password:)', [...], false)
 2 SYSTEMPATH\Model.php(326): CodeIgniter\Database\BaseBuilder->insert()
 3 SYSTEMPATH\BaseModel.php(802): CodeIgniter\Model->doInsert([...])
 4 SYSTEMPATH\Model.php(744): CodeIgniter\BaseModel->insert([...], true)
 5 APPPATH\Controllers\User.php(40): CodeIgniter\Model->insert([...])
 6 SYSTEMPATH\CodeIgniter.php(941): App\Controllers\User->register()
 7 SYSTEMPATH\CodeIgniter.php(502): CodeIgniter\CodeIgniter->runController(Object(App\Controllers\User))
 8 SYSTEMPATH\CodeIgniter.php(361): CodeIgniter\CodeIgniter->handleRequest(null, Object(Config\Cache), false)
 9 FCPATH\index.php(79): CodeIgniter\CodeIgniter->run()
CRITICAL - 2024-04-05 19:12:19 --> [Caused by] CodeIgniter\Database\Exceptions\DatabaseException: Column 'firstname' cannot be null
in SYSTEMPATH\Database\MySQLi\Connection.php on line 311.
 1 SYSTEMPATH\Database\BaseConnection.php(693): CodeIgniter\Database\MySQLi\Connection->execute('INSERT INTO `users` (`firstname`, `lastname`, `email`, `username`, `password`) VALUES (NULL, NULL, NULL, NULL, NULL)')
 2 SYSTEMPATH\Database\BaseConnection.php(607): CodeIgniter\Database\BaseConnection->simpleQuery('INSERT INTO `users` (`firstname`, `lastname`, `email`, `username`, `password`) VALUES (NULL, NULL, NULL, NULL, NULL)')
 3 SYSTEMPATH\Database\BaseBuilder.php(2307): CodeIgniter\Database\BaseConnection->query('INSERT INTO `users` (`firstname`, `lastname`, `email`, `username`, `password`) VALUES (:firstname:, :lastname:, :email:, :username:, :password:)', [...], false)
 4 SYSTEMPATH\Model.php(326): CodeIgniter\Database\BaseBuilder->insert()
 5 SYSTEMPATH\BaseModel.php(802): CodeIgniter\Model->doInsert([...])
 6 SYSTEMPATH\Model.php(744): CodeIgniter\BaseModel->insert([...], true)
 7 APPPATH\Controllers\User.php(40): CodeIgniter\Model->insert([...])
 8 SYSTEMPATH\CodeIgniter.php(941): App\Controllers\User->register()
 9 SYSTEMPATH\CodeIgniter.php(502): CodeIgniter\CodeIgniter->runController(Object(App\Controllers\User))
10 SYSTEMPATH\CodeIgniter.php(361): CodeIgniter\CodeIgniter->handleRequest(null, Object(Config\Cache), false)
11 FCPATH\index.php(79): CodeIgniter\CodeIgniter->run()
CRITICAL - 2024-04-05 19:12:19 --> [Caused by] mysqli_sql_exception: Column 'firstname' cannot be null
in SYSTEMPATH\Database\MySQLi\Connection.php on line 306.
 1 SYSTEMPATH\Database\MySQLi\Connection.php(306): mysqli->query('INSERT INTO `users` (`firstname`, `lastname`, `email`, `username`, `password`) VALUES (NULL, NULL, NULL, NULL, NULL)', 0)
 2 SYSTEMPATH\Database\BaseConnection.php(693): CodeIgniter\Database\MySQLi\Connection->execute('INSERT INTO `users` (`firstname`, `lastname`, `email`, `username`, `password`) VALUES (NULL, NULL, NULL, NULL, NULL)')
 3 SYSTEMPATH\Database\BaseConnection.php(607): CodeIgniter\Database\BaseConnection->simpleQuery('INSERT INTO `users` (`firstname`, `lastname`, `email`, `username`, `password`) VALUES (NULL, NULL, NULL, NULL, NULL)')
 4 SYSTEMPATH\Database\BaseBuilder.php(2307): CodeIgniter\Database\BaseConnection->query('INSERT INTO `users` (`firstname`, `lastname`, `email`, `username`, `password`) VALUES (:firstname:, :lastname:, :email:, :username:, :password:)', [...], false)
 5 SYSTEMPATH\Model.php(326): CodeIgniter\Database\BaseBuilder->insert()
 6 SYSTEMPATH\BaseModel.php(802): CodeIgniter\Model->doInsert([...])
 7 SYSTEMPATH\Model.php(744): CodeIgniter\BaseModel->insert([...], true)
 8 APPPATH\Controllers\User.php(40): CodeIgniter\Model->insert([...])
 9 SYSTEMPATH\CodeIgniter.php(941): App\Controllers\User->register()
10 SYSTEMPATH\CodeIgniter.php(502): CodeIgniter\CodeIgniter->runController(Object(App\Controllers\User))
11 SYSTEMPATH\CodeIgniter.php(361): CodeIgniter\CodeIgniter->handleRequest(null, Object(Config\Cache), false)
12 FCPATH\index.php(79): CodeIgniter\CodeIgniter->run()
ERROR - 2024-04-05 19:12:21 --> mysqli_sql_exception: Column 'firstname' cannot be null in D:\iit_Campus\2 nd year\sem 2\Server-Side\week 1\public_html\serverCw\system\Database\MySQLi\Connection.php:306
Stack trace:
#0 D:\iit_Campus\2 nd year\sem 2\Server-Side\week 1\public_html\serverCw\system\Database\MySQLi\Connection.php(306): mysqli->query('INSERT INTO `us...', 0)
#1 D:\iit_Campus\2 nd year\sem 2\Server-Side\week 1\public_html\serverCw\system\Database\BaseConnection.php(693): CodeIgniter\Database\MySQLi\Connection->execute('INSERT INTO `us...')
#2 D:\iit_Campus\2 nd year\sem 2\Server-Side\week 1\public_html\serverCw\system\Database\BaseConnection.php(607): CodeIgniter\Database\BaseConnection->simpleQuery('INSERT INTO `us...')
#3 D:\iit_Campus\2 nd year\sem 2\Server-Side\week 1\public_html\serverCw\system\Database\BaseBuilder.php(2307): CodeIgniter\Database\BaseConnection->query('INSERT INTO `us...', Array, false)
#4 D:\iit_Campus\2 nd year\sem 2\Server-Side\week 1\public_html\serverCw\system\Model.php(326): CodeIgniter\Database\BaseBuilder->insert()
#5 D:\iit_Campus\2 nd year\sem 2\Server-Side\week 1\public_html\serverCw\system\BaseModel.php(802): CodeIgniter\Model->doInsert(Array)
#6 D:\iit_Campus\2 nd year\sem 2\Server-Side\week 1\public_html\serverCw\system\Model.php(744): CodeIgniter\BaseModel->insert(Array, true)
#7 D:\iit_Campus\2 nd year\sem 2\Server-Side\week 1\public_html\serverCw\app\Controllers\User.php(40): CodeIgniter\Model->insert(Array)
#8 D:\iit_Campus\2 nd year\sem 2\Server-Side\week 1\public_html\serverCw\system\CodeIgniter.php(941): App\Controllers\User->register()
#9 D:\iit_Campus\2 nd year\sem 2\Server-Side\week 1\public_html\serverCw\system\CodeIgniter.php(502): CodeIgniter\CodeIgniter->runController(Object(App\Controllers\User))
#10 D:\iit_Campus\2 nd year\sem 2\Server-Side\week 1\public_html\serverCw\system\CodeIgniter.php(361): CodeIgniter\CodeIgniter->handleRequest(NULL, Object(Config\Cache), false)
#11 D:\iit_Campus\2 nd year\sem 2\Server-Side\week 1\public_html\serverCw\public\index.php(79): CodeIgniter\CodeIgniter->run()
#12 {main}
CRITICAL - 2024-04-05 19:12:21 --> CodeIgniter\Database\Exceptions\DatabaseException: Column 'firstname' cannot be null
in SYSTEMPATH\Database\BaseConnection.php on line 647.
 1 SYSTEMPATH\Database\BaseBuilder.php(2307): CodeIgniter\Database\BaseConnection->query('INSERT INTO `users` (`firstname`, `lastname`, `email`, `username`, `password`) VALUES (:firstname:, :lastname:, :email:, :username:, :password:)', [...], false)
 2 SYSTEMPATH\Model.php(326): CodeIgniter\Database\BaseBuilder->insert()
 3 SYSTEMPATH\BaseModel.php(802): CodeIgniter\Model->doInsert([...])
 4 SYSTEMPATH\Model.php(744): CodeIgniter\BaseModel->insert([...], true)
 5 APPPATH\Controllers\User.php(40): CodeIgniter\Model->insert([...])
 6 SYSTEMPATH\CodeIgniter.php(941): App\Controllers\User->register()
 7 SYSTEMPATH\CodeIgniter.php(502): CodeIgniter\CodeIgniter->runController(Object(App\Controllers\User))
 8 SYSTEMPATH\CodeIgniter.php(361): CodeIgniter\CodeIgniter->handleRequest(null, Object(Config\Cache), false)
 9 FCPATH\index.php(79): CodeIgniter\CodeIgniter->run()
CRITICAL - 2024-04-05 19:12:21 --> [Caused by] CodeIgniter\Database\Exceptions\DatabaseException: Column 'firstname' cannot be null
in SYSTEMPATH\Database\MySQLi\Connection.php on line 311.
 1 SYSTEMPATH\Database\BaseConnection.php(693): CodeIgniter\Database\MySQLi\Connection->execute('INSERT INTO `users` (`firstname`, `lastname`, `email`, `username`, `password`) VALUES (NULL, NULL, NULL, NULL, NULL)')
 2 SYSTEMPATH\Database\BaseConnection.php(607): CodeIgniter\Database\BaseConnection->simpleQuery('INSERT INTO `users` (`firstname`, `lastname`, `email`, `username`, `password`) VALUES (NULL, NULL, NULL, NULL, NULL)')
 3 SYSTEMPATH\Database\BaseBuilder.php(2307): CodeIgniter\Database\BaseConnection->query('INSERT INTO `users` (`firstname`, `lastname`, `email`, `username`, `password`) VALUES (:firstname:, :lastname:, :email:, :username:, :password:)', [...], false)
 4 SYSTEMPATH\Model.php(326): CodeIgniter\Database\BaseBuilder->insert()
 5 SYSTEMPATH\BaseModel.php(802): CodeIgniter\Model->doInsert([...])
 6 SYSTEMPATH\Model.php(744): CodeIgniter\BaseModel->insert([...], true)
 7 APPPATH\Controllers\User.php(40): CodeIgniter\Model->insert([...])
 8 SYSTEMPATH\CodeIgniter.php(941): App\Controllers\User->register()
 9 SYSTEMPATH\CodeIgniter.php(502): CodeIgniter\CodeIgniter->runController(Object(App\Controllers\User))
10 SYSTEMPATH\CodeIgniter.php(361): CodeIgniter\CodeIgniter->handleRequest(null, Object(Config\Cache), false)
11 FCPATH\index.php(79): CodeIgniter\CodeIgniter->run()
CRITICAL - 2024-04-05 19:12:21 --> [Caused by] mysqli_sql_exception: Column 'firstname' cannot be null
in SYSTEMPATH\Database\MySQLi\Connection.php on line 306.
 1 SYSTEMPATH\Database\MySQLi\Connection.php(306): mysqli->query('INSERT INTO `users` (`firstname`, `lastname`, `email`, `username`, `password`) VALUES (NULL, NULL, NULL, NULL, NULL)', 0)
 2 SYSTEMPATH\Database\BaseConnection.php(693): CodeIgniter\Database\MySQLi\Connection->execute('INSERT INTO `users` (`firstname`, `lastname`, `email`, `username`, `password`) VALUES (NULL, NULL, NULL, NULL, NULL)')
 3 SYSTEMPATH\Database\BaseConnection.php(607): CodeIgniter\Database\BaseConnection->simpleQuery('INSERT INTO `users` (`firstname`, `lastname`, `email`, `username`, `password`) VALUES (NULL, NULL, NULL, NULL, NULL)')
 4 SYSTEMPATH\Database\BaseBuilder.php(2307): CodeIgniter\Database\BaseConnection->query('INSERT INTO `users` (`firstname`, `lastname`, `email`, `username`, `password`) VALUES (:firstname:, :lastname:, :email:, :username:, :password:)', [...], false)
 5 SYSTEMPATH\Model.php(326): CodeIgniter\Database\BaseBuilder->insert()
 6 SYSTEMPATH\BaseModel.php(802): CodeIgniter\Model->doInsert([...])
 7 SYSTEMPATH\Model.php(744): CodeIgniter\BaseModel->insert([...], true)
 8 APPPATH\Controllers\User.php(40): CodeIgniter\Model->insert([...])
 9 SYSTEMPATH\CodeIgniter.php(941): App\Controllers\User->register()
10 SYSTEMPATH\CodeIgniter.php(502): CodeIgniter\CodeIgniter->runController(Object(App\Controllers\User))
11 SYSTEMPATH\CodeIgniter.php(361): CodeIgniter\CodeIgniter->handleRequest(null, Object(Config\Cache), false)
12 FCPATH\index.php(79): CodeIgniter\CodeIgniter->run()
ERROR - 2024-04-05 19:12:24 --> mysqli_sql_exception: Column 'firstname' cannot be null in D:\iit_Campus\2 nd year\sem 2\Server-Side\week 1\public_html\serverCw\system\Database\MySQLi\Connection.php:306
Stack trace:
#0 D:\iit_Campus\2 nd year\sem 2\Server-Side\week 1\public_html\serverCw\system\Database\MySQLi\Connection.php(306): mysqli->query('INSERT INTO `us...', 0)
#1 D:\iit_Campus\2 nd year\sem 2\Server-Side\week 1\public_html\serverCw\system\Database\BaseConnection.php(693): CodeIgniter\Database\MySQLi\Connection->execute('INSERT INTO `us...')
#2 D:\iit_Campus\2 nd year\sem 2\Server-Side\week 1\public_html\serverCw\system\Database\BaseConnection.php(607): CodeIgniter\Database\BaseConnection->simpleQuery('INSERT INTO `us...')
#3 D:\iit_Campus\2 nd year\sem 2\Server-Side\week 1\public_html\serverCw\system\Database\BaseBuilder.php(2307): CodeIgniter\Database\BaseConnection->query('INSERT INTO `us...', Array, false)
#4 D:\iit_Campus\2 nd year\sem 2\Server-Side\week 1\public_html\serverCw\system\Model.php(326): CodeIgniter\Database\BaseBuilder->insert()
#5 D:\iit_Campus\2 nd year\sem 2\Server-Side\week 1\public_html\serverCw\system\BaseModel.php(802): CodeIgniter\Model->doInsert(Array)
#6 D:\iit_Campus\2 nd year\sem 2\Server-Side\week 1\public_html\serverCw\system\Model.php(744): CodeIgniter\BaseModel->insert(Array, true)
#7 D:\iit_Campus\2 nd year\sem 2\Server-Side\week 1\public_html\serverCw\app\Controllers\User.php(40): CodeIgniter\Model->insert(Array)
#8 D:\iit_Campus\2 nd year\sem 2\Server-Side\week 1\public_html\serverCw\system\CodeIgniter.php(941): App\Controllers\User->register()
#9 D:\iit_Campus\2 nd year\sem 2\Server-Side\week 1\public_html\serverCw\system\CodeIgniter.php(502): CodeIgniter\CodeIgniter->runController(Object(App\Controllers\User))
#10 D:\iit_Campus\2 nd year\sem 2\Server-Side\week 1\public_html\serverCw\system\CodeIgniter.php(361): CodeIgniter\CodeIgniter->handleRequest(NULL, Object(Config\Cache), false)
#11 D:\iit_Campus\2 nd year\sem 2\Server-Side\week 1\public_html\serverCw\public\index.php(79): CodeIgniter\CodeIgniter->run()
#12 {main}
CRITICAL - 2024-04-05 19:12:24 --> CodeIgniter\Database\Exceptions\DatabaseException: Column 'firstname' cannot be null
in SYSTEMPATH\Database\BaseConnection.php on line 647.
 1 SYSTEMPATH\Database\BaseBuilder.php(2307): CodeIgniter\Database\BaseConnection->query('INSERT INTO `users` (`firstname`, `lastname`, `email`, `username`, `password`) VALUES (:firstname:, :lastname:, :email:, :username:, :password:)', [...], false)
 2 SYSTEMPATH\Model.php(326): CodeIgniter\Database\BaseBuilder->insert()
 3 SYSTEMPATH\BaseModel.php(802): CodeIgniter\Model->doInsert([...])
 4 SYSTEMPATH\Model.php(744): CodeIgniter\BaseModel->insert([...], true)
 5 APPPATH\Controllers\User.php(40): CodeIgniter\Model->insert([...])
 6 SYSTEMPATH\CodeIgniter.php(941): App\Controllers\User->register()
 7 SYSTEMPATH\CodeIgniter.php(502): CodeIgniter\CodeIgniter->runController(Object(App\Controllers\User))
 8 SYSTEMPATH\CodeIgniter.php(361): CodeIgniter\CodeIgniter->handleRequest(null, Object(Config\Cache), false)
 9 FCPATH\index.php(79): CodeIgniter\CodeIgniter->run()
CRITICAL - 2024-04-05 19:12:24 --> [Caused by] CodeIgniter\Database\Exceptions\DatabaseException: Column 'firstname' cannot be null
in SYSTEMPATH\Database\MySQLi\Connection.php on line 311.
 1 SYSTEMPATH\Database\BaseConnection.php(693): CodeIgniter\Database\MySQLi\Connection->execute('INSERT INTO `users` (`firstname`, `lastname`, `email`, `username`, `password`) VALUES (NULL, NULL, NULL, NULL, NULL)')
 2 SYSTEMPATH\Database\BaseConnection.php(607): CodeIgniter\Database\BaseConnection->simpleQuery('INSERT INTO `users` (`firstname`, `lastname`, `email`, `username`, `password`) VALUES (NULL, NULL, NULL, NULL, NULL)')
 3 SYSTEMPATH\Database\BaseBuilder.php(2307): CodeIgniter\Database\BaseConnection->query('INSERT INTO `users` (`firstname`, `lastname`, `email`, `username`, `password`) VALUES (:firstname:, :lastname:, :email:, :username:, :password:)', [...], false)
 4 SYSTEMPATH\Model.php(326): CodeIgniter\Database\BaseBuilder->insert()
 5 SYSTEMPATH\BaseModel.php(802): CodeIgniter\Model->doInsert([...])
 6 SYSTEMPATH\Model.php(744): CodeIgniter\BaseModel->insert([...], true)
 7 APPPATH\Controllers\User.php(40): CodeIgniter\Model->insert([...])
 8 SYSTEMPATH\CodeIgniter.php(941): App\Controllers\User->register()
 9 SYSTEMPATH\CodeIgniter.php(502): CodeIgniter\CodeIgniter->runController(Object(App\Controllers\User))
10 SYSTEMPATH\CodeIgniter.php(361): CodeIgniter\CodeIgniter->handleRequest(null, Object(Config\Cache), false)
11 FCPATH\index.php(79): CodeIgniter\CodeIgniter->run()
CRITICAL - 2024-04-05 19:12:24 --> [Caused by] mysqli_sql_exception: Column 'firstname' cannot be null
in SYSTEMPATH\Database\MySQLi\Connection.php on line 306.
 1 SYSTEMPATH\Database\MySQLi\Connection.php(306): mysqli->query('INSERT INTO `users` (`firstname`, `lastname`, `email`, `username`, `password`) VALUES (NULL, NULL, NULL, NULL, NULL)', 0)
 2 SYSTEMPATH\Database\BaseConnection.php(693): CodeIgniter\Database\MySQLi\Connection->execute('INSERT INTO `users` (`firstname`, `lastname`, `email`, `username`, `password`) VALUES (NULL, NULL, NULL, NULL, NULL)')
 3 SYSTEMPATH\Database\BaseConnection.php(607): CodeIgniter\Database\BaseConnection->simpleQuery('INSERT INTO `users` (`firstname`, `lastname`, `email`, `username`, `password`) VALUES (NULL, NULL, NULL, NULL, NULL)')
 4 SYSTEMPATH\Database\BaseBuilder.php(2307): CodeIgniter\Database\BaseConnection->query('INSERT INTO `users` (`firstname`, `lastname`, `email`, `username`, `password`) VALUES (:firstname:, :lastname:, :email:, :username:, :password:)', [...], false)
 5 SYSTEMPATH\Model.php(326): CodeIgniter\Database\BaseBuilder->insert()
 6 SYSTEMPATH\BaseModel.php(802): CodeIgniter\Model->doInsert([...])
 7 SYSTEMPATH\Model.php(744): CodeIgniter\BaseModel->insert([...], true)
 8 APPPATH\Controllers\User.php(40): CodeIgniter\Model->insert([...])
 9 SYSTEMPATH\CodeIgniter.php(941): App\Controllers\User->register()
10 SYSTEMPATH\CodeIgniter.php(502): CodeIgniter\CodeIgniter->runController(Object(App\Controllers\User))
11 SYSTEMPATH\CodeIgniter.php(361): CodeIgniter\CodeIgniter->handleRequest(null, Object(Config\Cache), false)
12 FCPATH\index.php(79): CodeIgniter\CodeIgniter->run()
ERROR - 2024-04-05 19:17:33 --> mysqli_sql_exception: Column 'firstname' cannot be null in D:\iit_Campus\2 nd year\sem 2\Server-Side\week 1\public_html\serverCw\system\Database\MySQLi\Connection.php:306
Stack trace:
#0 D:\iit_Campus\2 nd year\sem 2\Server-Side\week 1\public_html\serverCw\system\Database\MySQLi\Connection.php(306): mysqli->query('INSERT INTO `us...', 0)
#1 D:\iit_Campus\2 nd year\sem 2\Server-Side\week 1\public_html\serverCw\system\Database\BaseConnection.php(693): CodeIgniter\Database\MySQLi\Connection->execute('INSERT INTO `us...')
#2 D:\iit_Campus\2 nd year\sem 2\Server-Side\week 1\public_html\serverCw\system\Database\BaseConnection.php(607): CodeIgniter\Database\BaseConnection->simpleQuery('INSERT INTO `us...')
#3 D:\iit_Campus\2 nd year\sem 2\Server-Side\week 1\public_html\serverCw\system\Database\BaseBuilder.php(2307): CodeIgniter\Database\BaseConnection->query('INSERT INTO `us...', Array, false)
#4 D:\iit_Campus\2 nd year\sem 2\Server-Side\week 1\public_html\serverCw\system\Model.php(326): CodeIgniter\Database\BaseBuilder->insert()
#5 D:\iit_Campus\2 nd year\sem 2\Server-Side\week 1\public_html\serverCw\system\BaseModel.php(802): CodeIgniter\Model->doInsert(Array)
#6 D:\iit_Campus\2 nd year\sem 2\Server-Side\week 1\public_html\serverCw\system\Model.php(744): CodeIgniter\BaseModel->insert(Array, true)
#7 D:\iit_Campus\2 nd year\sem 2\Server-Side\week 1\public_html\serverCw\app\Controllers\User.php(40): CodeIgniter\Model->insert(Array)
#8 D:\iit_Campus\2 nd year\sem 2\Server-Side\week 1\public_html\serverCw\system\CodeIgniter.php(941): App\Controllers\User->register()
#9 D:\iit_Campus\2 nd year\sem 2\Server-Side\week 1\public_html\serverCw\system\CodeIgniter.php(502): CodeIgniter\CodeIgniter->runController(Object(App\Controllers\User))
#10 D:\iit_Campus\2 nd year\sem 2\Server-Side\week 1\public_html\serverCw\system\CodeIgniter.php(361): CodeIgniter\CodeIgniter->handleRequest(NULL, Object(Config\Cache), false)
#11 D:\iit_Campus\2 nd year\sem 2\Server-Side\week 1\public_html\serverCw\public\index.php(79): CodeIgniter\CodeIgniter->run()
#12 {main}
CRITICAL - 2024-04-05 19:17:33 --> CodeIgniter\Database\Exceptions\DatabaseException: Column 'firstname' cannot be null
in SYSTEMPATH\Database\BaseConnection.php on line 647.
 1 SYSTEMPATH\Database\BaseBuilder.php(2307): CodeIgniter\Database\BaseConnection->query('INSERT INTO `users` (`firstname`, `lastname`, `email`, `username`, `password`) VALUES (:firstname:, :lastname:, :email:, :username:, :password:)', [...], false)
 2 SYSTEMPATH\Model.php(326): CodeIgniter\Database\BaseBuilder->insert()
 3 SYSTEMPATH\BaseModel.php(802): CodeIgniter\Model->doInsert([...])
 4 SYSTEMPATH\Model.php(744): CodeIgniter\BaseModel->insert([...], true)
 5 APPPATH\Controllers\User.php(40): CodeIgniter\Model->insert([...])
 6 SYSTEMPATH\CodeIgniter.php(941): App\Controllers\User->register()
 7 SYSTEMPATH\CodeIgniter.php(502): CodeIgniter\CodeIgniter->runController(Object(App\Controllers\User))
 8 SYSTEMPATH\CodeIgniter.php(361): CodeIgniter\CodeIgniter->handleRequest(null, Object(Config\Cache), false)
 9 FCPATH\index.php(79): CodeIgniter\CodeIgniter->run()
CRITICAL - 2024-04-05 19:17:33 --> [Caused by] CodeIgniter\Database\Exceptions\DatabaseException: Column 'firstname' cannot be null
in SYSTEMPATH\Database\MySQLi\Connection.php on line 311.
 1 SYSTEMPATH\Database\BaseConnection.php(693): CodeIgniter\Database\MySQLi\Connection->execute('INSERT INTO `users` (`firstname`, `lastname`, `email`, `username`, `password`) VALUES (NULL, NULL, NULL, NULL, NULL)')
 2 SYSTEMPATH\Database\BaseConnection.php(607): CodeIgniter\Database\BaseConnection->simpleQuery('INSERT INTO `users` (`firstname`, `lastname`, `email`, `username`, `password`) VALUES (NULL, NULL, NULL, NULL, NULL)')
 3 SYSTEMPATH\Database\BaseBuilder.php(2307): CodeIgniter\Database\BaseConnection->query('INSERT INTO `users` (`firstname`, `lastname`, `email`, `username`, `password`) VALUES (:firstname:, :lastname:, :email:, :username:, :password:)', [...], false)
 4 SYSTEMPATH\Model.php(326): CodeIgniter\Database\BaseBuilder->insert()
 5 SYSTEMPATH\BaseModel.php(802): CodeIgniter\Model->doInsert([...])
 6 SYSTEMPATH\Model.php(744): CodeIgniter\BaseModel->insert([...], true)
 7 APPPATH\Controllers\User.php(40): CodeIgniter\Model->insert([...])
 8 SYSTEMPATH\CodeIgniter.php(941): App\Controllers\User->register()
 9 SYSTEMPATH\CodeIgniter.php(502): CodeIgniter\CodeIgniter->runController(Object(App\Controllers\User))
10 SYSTEMPATH\CodeIgniter.php(361): CodeIgniter\CodeIgniter->handleRequest(null, Object(Config\Cache), false)
11 FCPATH\index.php(79): CodeIgniter\CodeIgniter->run()
CRITICAL - 2024-04-05 19:17:33 --> [Caused by] mysqli_sql_exception: Column 'firstname' cannot be null
in SYSTEMPATH\Database\MySQLi\Connection.php on line 306.
 1 SYSTEMPATH\Database\MySQLi\Connection.php(306): mysqli->query('INSERT INTO `users` (`firstname`, `lastname`, `email`, `username`, `password`) VALUES (NULL, NULL, NULL, NULL, NULL)', 0)
 2 SYSTEMPATH\Database\BaseConnection.php(693): CodeIgniter\Database\MySQLi\Connection->execute('INSERT INTO `users` (`firstname`, `lastname`, `email`, `username`, `password`) VALUES (NULL, NULL, NULL, NULL, NULL)')
 3 SYSTEMPATH\Database\BaseConnection.php(607): CodeIgniter\Database\BaseConnection->simpleQuery('INSERT INTO `users` (`firstname`, `lastname`, `email`, `username`, `password`) VALUES (NULL, NULL, NULL, NULL, NULL)')
 4 SYSTEMPATH\Database\BaseBuilder.php(2307): CodeIgniter\Database\BaseConnection->query('INSERT INTO `users` (`firstname`, `lastname`, `email`, `username`, `password`) VALUES (:firstname:, :lastname:, :email:, :username:, :password:)', [...], false)
 5 SYSTEMPATH\Model.php(326): CodeIgniter\Database\BaseBuilder->insert()
 6 SYSTEMPATH\BaseModel.php(802): CodeIgniter\Model->doInsert([...])
 7 SYSTEMPATH\Model.php(744): CodeIgniter\BaseModel->insert([...], true)
 8 APPPATH\Controllers\User.php(40): CodeIgniter\Model->insert([...])
 9 SYSTEMPATH\CodeIgniter.php(941): App\Controllers\User->register()
10 SYSTEMPATH\CodeIgniter.php(502): CodeIgniter\CodeIgniter->runController(Object(App\Controllers\User))
11 SYSTEMPATH\CodeIgniter.php(361): CodeIgniter\CodeIgniter->handleRequest(null, Object(Config\Cache), false)
12 FCPATH\index.php(79): CodeIgniter\CodeIgniter->run()
ERROR - 2024-04-05 19:26:57 --> mysqli_sql_exception: Column 'firstname' cannot be null in D:\iit_Campus\2 nd year\sem 2\Server-Side\week 1\public_html\serverCw\system\Database\MySQLi\Connection.php:306
Stack trace:
#0 D:\iit_Campus\2 nd year\sem 2\Server-Side\week 1\public_html\serverCw\system\Database\MySQLi\Connection.php(306): mysqli->query('INSERT INTO `us...', 0)
#1 D:\iit_Campus\2 nd year\sem 2\Server-Side\week 1\public_html\serverCw\system\Database\BaseConnection.php(693): CodeIgniter\Database\MySQLi\Connection->execute('INSERT INTO `us...')
#2 D:\iit_Campus\2 nd year\sem 2\Server-Side\week 1\public_html\serverCw\system\Database\BaseConnection.php(607): CodeIgniter\Database\BaseConnection->simpleQuery('INSERT INTO `us...')
#3 D:\iit_Campus\2 nd year\sem 2\Server-Side\week 1\public_html\serverCw\system\Database\BaseBuilder.php(2307): CodeIgniter\Database\BaseConnection->query('INSERT INTO `us...', Array, false)
#4 D:\iit_Campus\2 nd year\sem 2\Server-Side\week 1\public_html\serverCw\system\Model.php(326): CodeIgniter\Database\BaseBuilder->insert()
#5 D:\iit_Campus\2 nd year\sem 2\Server-Side\week 1\public_html\serverCw\system\BaseModel.php(802): CodeIgniter\Model->doInsert(Array)
#6 D:\iit_Campus\2 nd year\sem 2\Server-Side\week 1\public_html\serverCw\system\Model.php(744): CodeIgniter\BaseModel->insert(Array, true)
#7 D:\iit_Campus\2 nd year\sem 2\Server-Side\week 1\public_html\serverCw\app\Controllers\User.php(40): CodeIgniter\Model->insert(Array)
#8 D:\iit_Campus\2 nd year\sem 2\Server-Side\week 1\public_html\serverCw\system\CodeIgniter.php(941): App\Controllers\User->register()
#9 D:\iit_Campus\2 nd year\sem 2\Server-Side\week 1\public_html\serverCw\system\CodeIgniter.php(502): CodeIgniter\CodeIgniter->runController(Object(App\Controllers\User))
#10 D:\iit_Campus\2 nd year\sem 2\Server-Side\week 1\public_html\serverCw\system\CodeIgniter.php(361): CodeIgniter\CodeIgniter->handleRequest(NULL, Object(Config\Cache), false)
#11 D:\iit_Campus\2 nd year\sem 2\Server-Side\week 1\public_html\serverCw\public\index.php(79): CodeIgniter\CodeIgniter->run()
#12 {main}
CRITICAL - 2024-04-05 19:26:57 --> CodeIgniter\Database\Exceptions\DatabaseException: Column 'firstname' cannot be null
in SYSTEMPATH\Database\BaseConnection.php on line 647.
 1 SYSTEMPATH\Database\BaseBuilder.php(2307): CodeIgniter\Database\BaseConnection->query('INSERT INTO `users` (`firstname`, `lastname`, `email`, `username`, `password`) VALUES (:firstname:, :lastname:, :email:, :username:, :password:)', [...], false)
 2 SYSTEMPATH\Model.php(326): CodeIgniter\Database\BaseBuilder->insert()
 3 SYSTEMPATH\BaseModel.php(802): CodeIgniter\Model->doInsert([...])
 4 SYSTEMPATH\Model.php(744): CodeIgniter\BaseModel->insert([...], true)
 5 APPPATH\Controllers\User.php(40): CodeIgniter\Model->insert([...])
 6 SYSTEMPATH\CodeIgniter.php(941): App\Controllers\User->register()
 7 SYSTEMPATH\CodeIgniter.php(502): CodeIgniter\CodeIgniter->runController(Object(App\Controllers\User))
 8 SYSTEMPATH\CodeIgniter.php(361): CodeIgniter\CodeIgniter->handleRequest(null, Object(Config\Cache), false)
 9 FCPATH\index.php(79): CodeIgniter\CodeIgniter->run()
CRITICAL - 2024-04-05 19:26:57 --> [Caused by] CodeIgniter\Database\Exceptions\DatabaseException: Column 'firstname' cannot be null
in SYSTEMPATH\Database\MySQLi\Connection.php on line 311.
 1 SYSTEMPATH\Database\BaseConnection.php(693): CodeIgniter\Database\MySQLi\Connection->execute('INSERT INTO `users` (`firstname`, `lastname`, `email`, `username`, `password`) VALUES (NULL, NULL, NULL, NULL, NULL)')
 2 SYSTEMPATH\Database\BaseConnection.php(607): CodeIgniter\Database\BaseConnection->simpleQuery('INSERT INTO `users` (`firstname`, `lastname`, `email`, `username`, `password`) VALUES (NULL, NULL, NULL, NULL, NULL)')
 3 SYSTEMPATH\Database\BaseBuilder.php(2307): CodeIgniter\Database\BaseConnection->query('INSERT INTO `users` (`firstname`, `lastname`, `email`, `username`, `password`) VALUES (:firstname:, :lastname:, :email:, :username:, :password:)', [...], false)
 4 SYSTEMPATH\Model.php(326): CodeIgniter\Database\BaseBuilder->insert()
 5 SYSTEMPATH\BaseModel.php(802): CodeIgniter\Model->doInsert([...])
 6 SYSTEMPATH\Model.php(744): CodeIgniter\BaseModel->insert([...], true)
 7 APPPATH\Controllers\User.php(40): CodeIgniter\Model->insert([...])
 8 SYSTEMPATH\CodeIgniter.php(941): App\Controllers\User->register()
 9 SYSTEMPATH\CodeIgniter.php(502): CodeIgniter\CodeIgniter->runController(Object(App\Controllers\User))
10 SYSTEMPATH\CodeIgniter.php(361): CodeIgniter\CodeIgniter->handleRequest(null, Object(Config\Cache), false)
11 FCPATH\index.php(79): CodeIgniter\CodeIgniter->run()
CRITICAL - 2024-04-05 19:26:57 --> [Caused by] mysqli_sql_exception: Column 'firstname' cannot be null
in SYSTEMPATH\Database\MySQLi\Connection.php on line 306.
 1 SYSTEMPATH\Database\MySQLi\Connection.php(306): mysqli->query('INSERT INTO `users` (`firstname`, `lastname`, `email`, `username`, `password`) VALUES (NULL, NULL, NULL, NULL, NULL)', 0)
 2 SYSTEMPATH\Database\BaseConnection.php(693): CodeIgniter\Database\MySQLi\Connection->execute('INSERT INTO `users` (`firstname`, `lastname`, `email`, `username`, `password`) VALUES (NULL, NULL, NULL, NULL, NULL)')
 3 SYSTEMPATH\Database\BaseConnection.php(607): CodeIgniter\Database\BaseConnection->simpleQuery('INSERT INTO `users` (`firstname`, `lastname`, `email`, `username`, `password`) VALUES (NULL, NULL, NULL, NULL, NULL)')
 4 SYSTEMPATH\Database\BaseBuilder.php(2307): CodeIgniter\Database\BaseConnection->query('INSERT INTO `users` (`firstname`, `lastname`, `email`, `username`, `password`) VALUES (:firstname:, :lastname:, :email:, :username:, :password:)', [...], false)
 5 SYSTEMPATH\Model.php(326): CodeIgniter\Database\BaseBuilder->insert()
 6 SYSTEMPATH\BaseModel.php(802): CodeIgniter\Model->doInsert([...])
 7 SYSTEMPATH\Model.php(744): CodeIgniter\BaseModel->insert([...], true)
 8 APPPATH\Controllers\User.php(40): CodeIgniter\Model->insert([...])
 9 SYSTEMPATH\CodeIgniter.php(941): App\Controllers\User->register()
10 SYSTEMPATH\CodeIgniter.php(502): CodeIgniter\CodeIgniter->runController(Object(App\Controllers\User))
11 SYSTEMPATH\CodeIgniter.php(361): CodeIgniter\CodeIgniter->handleRequest(null, Object(Config\Cache), false)
12 FCPATH\index.php(79): CodeIgniter\CodeIgniter->run()
ERROR - 2024-04-05 19:29:52 --> mysqli_sql_exception: Column 'firstname' cannot be null in D:\iit_Campus\2 nd year\sem 2\Server-Side\week 1\public_html\serverCw\system\Database\MySQLi\Connection.php:306
Stack trace:
#0 D:\iit_Campus\2 nd year\sem 2\Server-Side\week 1\public_html\serverCw\system\Database\MySQLi\Connection.php(306): mysqli->query('INSERT INTO `us...', 0)
#1 D:\iit_Campus\2 nd year\sem 2\Server-Side\week 1\public_html\serverCw\system\Database\BaseConnection.php(693): CodeIgniter\Database\MySQLi\Connection->execute('INSERT INTO `us...')
#2 D:\iit_Campus\2 nd year\sem 2\Server-Side\week 1\public_html\serverCw\system\Database\BaseConnection.php(607): CodeIgniter\Database\BaseConnection->simpleQuery('INSERT INTO `us...')
#3 D:\iit_Campus\2 nd year\sem 2\Server-Side\week 1\public_html\serverCw\system\Database\BaseBuilder.php(2307): CodeIgniter\Database\BaseConnection->query('INSERT INTO `us...', Array, false)
#4 D:\iit_Campus\2 nd year\sem 2\Server-Side\week 1\public_html\serverCw\system\Model.php(326): CodeIgniter\Database\BaseBuilder->insert()
#5 D:\iit_Campus\2 nd year\sem 2\Server-Side\week 1\public_html\serverCw\system\BaseModel.php(802): CodeIgniter\Model->doInsert(Array)
#6 D:\iit_Campus\2 nd year\sem 2\Server-Side\week 1\public_html\serverCw\system\Model.php(744): CodeIgniter\BaseModel->insert(Array, true)
#7 D:\iit_Campus\2 nd year\sem 2\Server-Side\week 1\public_html\serverCw\app\Controllers\User.php(40): CodeIgniter\Model->insert(Array)
#8 D:\iit_Campus\2 nd year\sem 2\Server-Side\week 1\public_html\serverCw\system\CodeIgniter.php(941): App\Controllers\User->register()
#9 D:\iit_Campus\2 nd year\sem 2\Server-Side\week 1\public_html\serverCw\system\CodeIgniter.php(502): CodeIgniter\CodeIgniter->runController(Object(App\Controllers\User))
#10 D:\iit_Campus\2 nd year\sem 2\Server-Side\week 1\public_html\serverCw\system\CodeIgniter.php(361): CodeIgniter\CodeIgniter->handleRequest(NULL, Object(Config\Cache), false)
#11 D:\iit_Campus\2 nd year\sem 2\Server-Side\week 1\public_html\serverCw\public\index.php(79): CodeIgniter\CodeIgniter->run()
#12 {main}
CRITICAL - 2024-04-05 19:29:52 --> CodeIgniter\Database\Exceptions\DatabaseException: Column 'firstname' cannot be null
in SYSTEMPATH\Database\BaseConnection.php on line 647.
 1 SYSTEMPATH\Database\BaseBuilder.php(2307): CodeIgniter\Database\BaseConnection->query('INSERT INTO `users` (`firstname`, `lastname`, `email`, `username`, `password`) VALUES (:firstname:, :lastname:, :email:, :username:, :password:)', [...], false)
 2 SYSTEMPATH\Model.php(326): CodeIgniter\Database\BaseBuilder->insert()
 3 SYSTEMPATH\BaseModel.php(802): CodeIgniter\Model->doInsert([...])
 4 SYSTEMPATH\Model.php(744): CodeIgniter\BaseModel->insert([...], true)
 5 APPPATH\Controllers\User.php(40): CodeIgniter\Model->insert([...])
 6 SYSTEMPATH\CodeIgniter.php(941): App\Controllers\User->register()
 7 SYSTEMPATH\CodeIgniter.php(502): CodeIgniter\CodeIgniter->runController(Object(App\Controllers\User))
 8 SYSTEMPATH\CodeIgniter.php(361): CodeIgniter\CodeIgniter->handleRequest(null, Object(Config\Cache), false)
 9 FCPATH\index.php(79): CodeIgniter\CodeIgniter->run()
CRITICAL - 2024-04-05 19:29:52 --> [Caused by] CodeIgniter\Database\Exceptions\DatabaseException: Column 'firstname' cannot be null
in SYSTEMPATH\Database\MySQLi\Connection.php on line 311.
 1 SYSTEMPATH\Database\BaseConnection.php(693): CodeIgniter\Database\MySQLi\Connection->execute('INSERT INTO `users` (`firstname`, `lastname`, `email`, `username`, `password`) VALUES (NULL, NULL, NULL, NULL, NULL)')
 2 SYSTEMPATH\Database\BaseConnection.php(607): CodeIgniter\Database\BaseConnection->simpleQuery('INSERT INTO `users` (`firstname`, `lastname`, `email`, `username`, `password`) VALUES (NULL, NULL, NULL, NULL, NULL)')
 3 SYSTEMPATH\Database\BaseBuilder.php(2307): CodeIgniter\Database\BaseConnection->query('INSERT INTO `users` (`firstname`, `lastname`, `email`, `username`, `password`) VALUES (:firstname:, :lastname:, :email:, :username:, :password:)', [...], false)
 4 SYSTEMPATH\Model.php(326): CodeIgniter\Database\BaseBuilder->insert()
 5 SYSTEMPATH\BaseModel.php(802): CodeIgniter\Model->doInsert([...])
 6 SYSTEMPATH\Model.php(744): CodeIgniter\BaseModel->insert([...], true)
 7 APPPATH\Controllers\User.php(40): CodeIgniter\Model->insert([...])
 8 SYSTEMPATH\CodeIgniter.php(941): App\Controllers\User->register()
 9 SYSTEMPATH\CodeIgniter.php(502): CodeIgniter\CodeIgniter->runController(Object(App\Controllers\User))
10 SYSTEMPATH\CodeIgniter.php(361): CodeIgniter\CodeIgniter->handleRequest(null, Object(Config\Cache), false)
11 FCPATH\index.php(79): CodeIgniter\CodeIgniter->run()
CRITICAL - 2024-04-05 19:29:52 --> [Caused by] mysqli_sql_exception: Column 'firstname' cannot be null
in SYSTEMPATH\Database\MySQLi\Connection.php on line 306.
 1 SYSTEMPATH\Database\MySQLi\Connection.php(306): mysqli->query('INSERT INTO `users` (`firstname`, `lastname`, `email`, `username`, `password`) VALUES (NULL, NULL, NULL, NULL, NULL)', 0)
 2 SYSTEMPATH\Database\BaseConnection.php(693): CodeIgniter\Database\MySQLi\Connection->execute('INSERT INTO `users` (`firstname`, `lastname`, `email`, `username`, `password`) VALUES (NULL, NULL, NULL, NULL, NULL)')
 3 SYSTEMPATH\Database\BaseConnection.php(607): CodeIgniter\Database\BaseConnection->simpleQuery('INSERT INTO `users` (`firstname`, `lastname`, `email`, `username`, `password`) VALUES (NULL, NULL, NULL, NULL, NULL)')
 4 SYSTEMPATH\Database\BaseBuilder.php(2307): CodeIgniter\Database\BaseConnection->query('INSERT INTO `users` (`firstname`, `lastname`, `email`, `username`, `password`) VALUES (:firstname:, :lastname:, :email:, :username:, :password:)', [...], false)
 5 SYSTEMPATH\Model.php(326): CodeIgniter\Database\BaseBuilder->insert()
 6 SYSTEMPATH\BaseModel.php(802): CodeIgniter\Model->doInsert([...])
 7 SYSTEMPATH\Model.php(744): CodeIgniter\BaseModel->insert([...], true)
 8 APPPATH\Controllers\User.php(40): CodeIgniter\Model->insert([...])
 9 SYSTEMPATH\CodeIgniter.php(941): App\Controllers\User->register()
10 SYSTEMPATH\CodeIgniter.php(502): CodeIgniter\CodeIgniter->runController(Object(App\Controllers\User))
11 SYSTEMPATH\CodeIgniter.php(361): CodeIgniter\CodeIgniter->handleRequest(null, Object(Config\Cache), false)
12 FCPATH\index.php(79): CodeIgniter\CodeIgniter->run()
