CRITICAL - 2024-04-04 09:20:59 --> ErrorException: Undefined variable $question
in APPPATH\Views\view.php on line 1.
 1 APPPATH\Views\view.php(1): CodeIgniter\Debug\Exceptions->errorHandler(2, 'Undefined variable $question', 'D:\\iit_Campus\\2 nd year\\sem 2\\Server-Side\\week 1\\public_html\\serverCw\\app\\Views\\view.php', 1)
 2 SYSTEMPATH\View\View.php(228): include('D:\\iit_Campus\\2 nd year\\sem 2\\Server-Side\\week 1\\public_html\\serverCw\\app\\Views\\view.php')
 3 SYSTEMPATH\View\View.php(231): CodeIgniter\View\View->CodeIgniter\View\{closure}()
 4 SYSTEMPATH\Common.php(1178): CodeIgniter\View\View->render('view', [], true)
 5 APPPATH\Controllers\Home.php(9): view('view')
 6 SYSTEMPATH\CodeIgniter.php(941): App\Controllers\Home->index()
 7 SYSTEMPATH\CodeIgniter.php(502): CodeIgniter\CodeIgniter->runController(Object(App\Controllers\Home))
 8 SYSTEMPATH\CodeIgniter.php(361): CodeIgniter\CodeIgniter->handleRequest(null, Object(Config\Cache), false)
 9 FCPATH\index.php(79): CodeIgniter\CodeIgniter->run()
CRITICAL - 2024-04-04 09:23:28 --> ErrorException: Undefined variable $question
in APPPATH\Views\view.php on line 1.
 1 APPPATH\Views\view.php(1): CodeIgniter\Debug\Exceptions->errorHandler(2, 'Undefined variable $question', 'D:\\iit_Campus\\2 nd year\\sem 2\\Server-Side\\week 1\\public_html\\serverCw\\app\\Views\\view.php', 1)
 2 SYSTEMPATH\View\View.php(228): include('D:\\iit_Campus\\2 nd year\\sem 2\\Server-Side\\week 1\\public_html\\serverCw\\app\\Views\\view.php')
 3 SYSTEMPATH\View\View.php(231): CodeIgniter\View\View->CodeIgniter\View\{closure}()
 4 SYSTEMPATH\Common.php(1178): CodeIgniter\View\View->render('view', [], true)
 5 APPPATH\Controllers\Home.php(9): view('view')
 6 SYSTEMPATH\CodeIgniter.php(941): App\Controllers\Home->index()
 7 SYSTEMPATH\CodeIgniter.php(502): CodeIgniter\CodeIgniter->runController(Object(App\Controllers\Home))
 8 SYSTEMPATH\CodeIgniter.php(361): CodeIgniter\CodeIgniter->handleRequest(null, Object(Config\Cache), false)
 9 FCPATH\index.php(79): CodeIgniter\CodeIgniter->run()
CRITICAL - 2024-04-04 09:23:29 --> ErrorException: Undefined variable $question
in APPPATH\Views\view.php on line 1.
 1 APPPATH\Views\view.php(1): CodeIgniter\Debug\Exceptions->errorHandler(2, 'Undefined variable $question', 'D:\\iit_Campus\\2 nd year\\sem 2\\Server-Side\\week 1\\public_html\\serverCw\\app\\Views\\view.php', 1)
 2 SYSTEMPATH\View\View.php(228): include('D:\\iit_Campus\\2 nd year\\sem 2\\Server-Side\\week 1\\public_html\\serverCw\\app\\Views\\view.php')
 3 SYSTEMPATH\View\View.php(231): CodeIgniter\View\View->CodeIgniter\View\{closure}()
 4 SYSTEMPATH\Common.php(1178): CodeIgniter\View\View->render('view', [], true)
 5 APPPATH\Controllers\Home.php(9): view('view')
 6 SYSTEMPATH\CodeIgniter.php(941): App\Controllers\Home->index()
 7 SYSTEMPATH\CodeIgniter.php(502): CodeIgniter\CodeIgniter->runController(Object(App\Controllers\Home))
 8 SYSTEMPATH\CodeIgniter.php(361): CodeIgniter\CodeIgniter->handleRequest(null, Object(Config\Cache), false)
 9 FCPATH\index.php(79): CodeIgniter\CodeIgniter->run()
CRITICAL - 2024-04-04 09:23:32 --> ErrorException: Undefined variable $question
in APPPATH\Views\view.php on line 1.
 1 APPPATH\Views\view.php(1): CodeIgniter\Debug\Exceptions->errorHandler(2, 'Undefined variable $question', 'D:\\iit_Campus\\2 nd year\\sem 2\\Server-Side\\week 1\\public_html\\serverCw\\app\\Views\\view.php', 1)
 2 SYSTEMPATH\View\View.php(228): include('D:\\iit_Campus\\2 nd year\\sem 2\\Server-Side\\week 1\\public_html\\serverCw\\app\\Views\\view.php')
 3 SYSTEMPATH\View\View.php(231): CodeIgniter\View\View->CodeIgniter\View\{closure}()
 4 SYSTEMPATH\Common.php(1178): CodeIgniter\View\View->render('view', [], true)
 5 APPPATH\Controllers\Home.php(9): view('view')
 6 SYSTEMPATH\CodeIgniter.php(941): App\Controllers\Home->index()
 7 SYSTEMPATH\CodeIgniter.php(502): CodeIgniter\CodeIgniter->runController(Object(App\Controllers\Home))
 8 SYSTEMPATH\CodeIgniter.php(361): CodeIgniter\CodeIgniter->handleRequest(null, Object(Config\Cache), false)
 9 FCPATH\index.php(79): CodeIgniter\CodeIgniter->run()
CRITICAL - 2024-04-04 09:24:20 --> ErrorException: Undefined variable $question
in APPPATH\Views\view_home.php on line 1.
 1 APPPATH\Views\view_home.php(1): CodeIgniter\Debug\Exceptions->errorHandler(2, 'Undefined variable $question', 'D:\\iit_Campus\\2 nd year\\sem 2\\Server-Side\\week 1\\public_html\\serverCw\\app\\Views\\view_home.php', 1)
 2 SYSTEMPATH\View\View.php(228): include('D:\\iit_Campus\\2 nd year\\sem 2\\Server-Side\\week 1\\public_html\\serverCw\\app\\Views\\view_home.php')
 3 SYSTEMPATH\View\View.php(231): CodeIgniter\View\View->CodeIgniter\View\{closure}()
 4 SYSTEMPATH\Common.php(1178): CodeIgniter\View\View->render('view_home', [], true)
 5 APPPATH\Controllers\Home.php(9): view('view_home')
 6 SYSTEMPATH\CodeIgniter.php(941): App\Controllers\Home->index()
 7 SYSTEMPATH\CodeIgniter.php(502): CodeIgniter\CodeIgniter->runController(Object(App\Controllers\Home))
 8 SYSTEMPATH\CodeIgniter.php(361): CodeIgniter\CodeIgniter->handleRequest(null, Object(Config\Cache), false)
 9 FCPATH\index.php(79): CodeIgniter\CodeIgniter->run()
CRITICAL - 2024-04-04 09:24:21 --> ErrorException: Undefined variable $question
in APPPATH\Views\view_home.php on line 1.
 1 APPPATH\Views\view_home.php(1): CodeIgniter\Debug\Exceptions->errorHandler(2, 'Undefined variable $question', 'D:\\iit_Campus\\2 nd year\\sem 2\\Server-Side\\week 1\\public_html\\serverCw\\app\\Views\\view_home.php', 1)
 2 SYSTEMPATH\View\View.php(228): include('D:\\iit_Campus\\2 nd year\\sem 2\\Server-Side\\week 1\\public_html\\serverCw\\app\\Views\\view_home.php')
 3 SYSTEMPATH\View\View.php(231): CodeIgniter\View\View->CodeIgniter\View\{closure}()
 4 SYSTEMPATH\Common.php(1178): CodeIgniter\View\View->render('view_home', [], true)
 5 APPPATH\Controllers\Home.php(9): view('view_home')
 6 SYSTEMPATH\CodeIgniter.php(941): App\Controllers\Home->index()
 7 SYSTEMPATH\CodeIgniter.php(502): CodeIgniter\CodeIgniter->runController(Object(App\Controllers\Home))
 8 SYSTEMPATH\CodeIgniter.php(361): CodeIgniter\CodeIgniter->handleRequest(null, Object(Config\Cache), false)
 9 FCPATH\index.php(79): CodeIgniter\CodeIgniter->run()
CRITICAL - 2024-04-04 09:24:21 --> ErrorException: Undefined variable $question
in APPPATH\Views\view_home.php on line 1.
 1 APPPATH\Views\view_home.php(1): CodeIgniter\Debug\Exceptions->errorHandler(2, 'Undefined variable $question', 'D:\\iit_Campus\\2 nd year\\sem 2\\Server-Side\\week 1\\public_html\\serverCw\\app\\Views\\view_home.php', 1)
 2 SYSTEMPATH\View\View.php(228): include('D:\\iit_Campus\\2 nd year\\sem 2\\Server-Side\\week 1\\public_html\\serverCw\\app\\Views\\view_home.php')
 3 SYSTEMPATH\View\View.php(231): CodeIgniter\View\View->CodeIgniter\View\{closure}()
 4 SYSTEMPATH\Common.php(1178): CodeIgniter\View\View->render('view_home', [], true)
 5 APPPATH\Controllers\Home.php(9): view('view_home')
 6 SYSTEMPATH\CodeIgniter.php(941): App\Controllers\Home->index()
 7 SYSTEMPATH\CodeIgniter.php(502): CodeIgniter\CodeIgniter->runController(Object(App\Controllers\Home))
 8 SYSTEMPATH\CodeIgniter.php(361): CodeIgniter\CodeIgniter->handleRequest(null, Object(Config\Cache), false)
 9 FCPATH\index.php(79): CodeIgniter\CodeIgniter->run()
CRITICAL - 2024-04-04 09:24:21 --> ErrorException: Undefined variable $question
in APPPATH\Views\view_home.php on line 1.
 1 APPPATH\Views\view_home.php(1): CodeIgniter\Debug\Exceptions->errorHandler(2, 'Undefined variable $question', 'D:\\iit_Campus\\2 nd year\\sem 2\\Server-Side\\week 1\\public_html\\serverCw\\app\\Views\\view_home.php', 1)
 2 SYSTEMPATH\View\View.php(228): include('D:\\iit_Campus\\2 nd year\\sem 2\\Server-Side\\week 1\\public_html\\serverCw\\app\\Views\\view_home.php')
 3 SYSTEMPATH\View\View.php(231): CodeIgniter\View\View->CodeIgniter\View\{closure}()
 4 SYSTEMPATH\Common.php(1178): CodeIgniter\View\View->render('view_home', [], true)
 5 APPPATH\Controllers\Home.php(9): view('view_home')
 6 SYSTEMPATH\CodeIgniter.php(941): App\Controllers\Home->index()
 7 SYSTEMPATH\CodeIgniter.php(502): CodeIgniter\CodeIgniter->runController(Object(App\Controllers\Home))
 8 SYSTEMPATH\CodeIgniter.php(361): CodeIgniter\CodeIgniter->handleRequest(null, Object(Config\Cache), false)
 9 FCPATH\index.php(79): CodeIgniter\CodeIgniter->run()
CRITICAL - 2024-04-04 09:24:22 --> ErrorException: Undefined variable $question
in APPPATH\Views\view_home.php on line 1.
 1 APPPATH\Views\view_home.php(1): CodeIgniter\Debug\Exceptions->errorHandler(2, 'Undefined variable $question', 'D:\\iit_Campus\\2 nd year\\sem 2\\Server-Side\\week 1\\public_html\\serverCw\\app\\Views\\view_home.php', 1)
 2 SYSTEMPATH\View\View.php(228): include('D:\\iit_Campus\\2 nd year\\sem 2\\Server-Side\\week 1\\public_html\\serverCw\\app\\Views\\view_home.php')
 3 SYSTEMPATH\View\View.php(231): CodeIgniter\View\View->CodeIgniter\View\{closure}()
 4 SYSTEMPATH\Common.php(1178): CodeIgniter\View\View->render('view_home', [], true)
 5 APPPATH\Controllers\Home.php(9): view('view_home')
 6 SYSTEMPATH\CodeIgniter.php(941): App\Controllers\Home->index()
 7 SYSTEMPATH\CodeIgniter.php(502): CodeIgniter\CodeIgniter->runController(Object(App\Controllers\Home))
 8 SYSTEMPATH\CodeIgniter.php(361): CodeIgniter\CodeIgniter->handleRequest(null, Object(Config\Cache), false)
 9 FCPATH\index.php(79): CodeIgniter\CodeIgniter->run()
CRITICAL - 2024-04-04 09:24:22 --> ErrorException: Undefined variable $question
in APPPATH\Views\view_home.php on line 1.
 1 APPPATH\Views\view_home.php(1): CodeIgniter\Debug\Exceptions->errorHandler(2, 'Undefined variable $question', 'D:\\iit_Campus\\2 nd year\\sem 2\\Server-Side\\week 1\\public_html\\serverCw\\app\\Views\\view_home.php', 1)
 2 SYSTEMPATH\View\View.php(228): include('D:\\iit_Campus\\2 nd year\\sem 2\\Server-Side\\week 1\\public_html\\serverCw\\app\\Views\\view_home.php')
 3 SYSTEMPATH\View\View.php(231): CodeIgniter\View\View->CodeIgniter\View\{closure}()
 4 SYSTEMPATH\Common.php(1178): CodeIgniter\View\View->render('view_home', [], true)
 5 APPPATH\Controllers\Home.php(9): view('view_home')
 6 SYSTEMPATH\CodeIgniter.php(941): App\Controllers\Home->index()
 7 SYSTEMPATH\CodeIgniter.php(502): CodeIgniter\CodeIgniter->runController(Object(App\Controllers\Home))
 8 SYSTEMPATH\CodeIgniter.php(361): CodeIgniter\CodeIgniter->handleRequest(null, Object(Config\Cache), false)
 9 FCPATH\index.php(79): CodeIgniter\CodeIgniter->run()
CRITICAL - 2024-04-04 09:24:25 --> ErrorException: Undefined variable $question
in APPPATH\Views\view_home.php on line 1.
 1 APPPATH\Views\view_home.php(1): CodeIgniter\Debug\Exceptions->errorHandler(2, 'Undefined variable $question', 'D:\\iit_Campus\\2 nd year\\sem 2\\Server-Side\\week 1\\public_html\\serverCw\\app\\Views\\view_home.php', 1)
 2 SYSTEMPATH\View\View.php(228): include('D:\\iit_Campus\\2 nd year\\sem 2\\Server-Side\\week 1\\public_html\\serverCw\\app\\Views\\view_home.php')
 3 SYSTEMPATH\View\View.php(231): CodeIgniter\View\View->CodeIgniter\View\{closure}()
 4 SYSTEMPATH\Common.php(1178): CodeIgniter\View\View->render('view_home', [], true)
 5 APPPATH\Controllers\Home.php(9): view('view_home')
 6 SYSTEMPATH\CodeIgniter.php(941): App\Controllers\Home->index()
 7 SYSTEMPATH\CodeIgniter.php(502): CodeIgniter\CodeIgniter->runController(Object(App\Controllers\Home))
 8 SYSTEMPATH\CodeIgniter.php(361): CodeIgniter\CodeIgniter->handleRequest(null, Object(Config\Cache), false)
 9 FCPATH\index.php(79): CodeIgniter\CodeIgniter->run()
CRITICAL - 2024-04-04 09:25:21 --> ErrorException: Undefined variable $question
in APPPATH\Views\view_home.php on line 2.
 1 APPPATH\Views\view_home.php(2): CodeIgniter\Debug\Exceptions->errorHandler(2, 'Undefined variable $question', 'D:\\iit_Campus\\2 nd year\\sem 2\\Server-Side\\week 1\\public_html\\serverCw\\app\\Views\\view_home.php', 2)
 2 SYSTEMPATH\View\View.php(228): include('D:\\iit_Campus\\2 nd year\\sem 2\\Server-Side\\week 1\\public_html\\serverCw\\app\\Views\\view_home.php')
 3 SYSTEMPATH\View\View.php(231): CodeIgniter\View\View->CodeIgniter\View\{closure}()
 4 SYSTEMPATH\Common.php(1178): CodeIgniter\View\View->render('view_home', [], true)
 5 APPPATH\Controllers\Home.php(9): view('view_home')
 6 SYSTEMPATH\CodeIgniter.php(941): App\Controllers\Home->index()
 7 SYSTEMPATH\CodeIgniter.php(502): CodeIgniter\CodeIgniter->runController(Object(App\Controllers\Home))
 8 SYSTEMPATH\CodeIgniter.php(361): CodeIgniter\CodeIgniter->handleRequest(null, Object(Config\Cache), false)
 9 FCPATH\index.php(79): CodeIgniter\CodeIgniter->run()
CRITICAL - 2024-04-04 09:25:22 --> ErrorException: Undefined variable $question
in APPPATH\Views\view_home.php on line 2.
 1 APPPATH\Views\view_home.php(2): CodeIgniter\Debug\Exceptions->errorHandler(2, 'Undefined variable $question', 'D:\\iit_Campus\\2 nd year\\sem 2\\Server-Side\\week 1\\public_html\\serverCw\\app\\Views\\view_home.php', 2)
 2 SYSTEMPATH\View\View.php(228): include('D:\\iit_Campus\\2 nd year\\sem 2\\Server-Side\\week 1\\public_html\\serverCw\\app\\Views\\view_home.php')
 3 SYSTEMPATH\View\View.php(231): CodeIgniter\View\View->CodeIgniter\View\{closure}()
 4 SYSTEMPATH\Common.php(1178): CodeIgniter\View\View->render('view_home', [], true)
 5 APPPATH\Controllers\Home.php(9): view('view_home')
 6 SYSTEMPATH\CodeIgniter.php(941): App\Controllers\Home->index()
 7 SYSTEMPATH\CodeIgniter.php(502): CodeIgniter\CodeIgniter->runController(Object(App\Controllers\Home))
 8 SYSTEMPATH\CodeIgniter.php(361): CodeIgniter\CodeIgniter->handleRequest(null, Object(Config\Cache), false)
 9 FCPATH\index.php(79): CodeIgniter\CodeIgniter->run()
CRITICAL - 2024-04-04 09:25:22 --> ErrorException: Undefined variable $question
in APPPATH\Views\view_home.php on line 2.
 1 APPPATH\Views\view_home.php(2): CodeIgniter\Debug\Exceptions->errorHandler(2, 'Undefined variable $question', 'D:\\iit_Campus\\2 nd year\\sem 2\\Server-Side\\week 1\\public_html\\serverCw\\app\\Views\\view_home.php', 2)
 2 SYSTEMPATH\View\View.php(228): include('D:\\iit_Campus\\2 nd year\\sem 2\\Server-Side\\week 1\\public_html\\serverCw\\app\\Views\\view_home.php')
 3 SYSTEMPATH\View\View.php(231): CodeIgniter\View\View->CodeIgniter\View\{closure}()
 4 SYSTEMPATH\Common.php(1178): CodeIgniter\View\View->render('view_home', [], true)
 5 APPPATH\Controllers\Home.php(9): view('view_home')
 6 SYSTEMPATH\CodeIgniter.php(941): App\Controllers\Home->index()
 7 SYSTEMPATH\CodeIgniter.php(502): CodeIgniter\CodeIgniter->runController(Object(App\Controllers\Home))
 8 SYSTEMPATH\CodeIgniter.php(361): CodeIgniter\CodeIgniter->handleRequest(null, Object(Config\Cache), false)
 9 FCPATH\index.php(79): CodeIgniter\CodeIgniter->run()
CRITICAL - 2024-04-04 09:25:22 --> ErrorException: Undefined variable $question
in APPPATH\Views\view_home.php on line 2.
 1 APPPATH\Views\view_home.php(2): CodeIgniter\Debug\Exceptions->errorHandler(2, 'Undefined variable $question', 'D:\\iit_Campus\\2 nd year\\sem 2\\Server-Side\\week 1\\public_html\\serverCw\\app\\Views\\view_home.php', 2)
 2 SYSTEMPATH\View\View.php(228): include('D:\\iit_Campus\\2 nd year\\sem 2\\Server-Side\\week 1\\public_html\\serverCw\\app\\Views\\view_home.php')
 3 SYSTEMPATH\View\View.php(231): CodeIgniter\View\View->CodeIgniter\View\{closure}()
 4 SYSTEMPATH\Common.php(1178): CodeIgniter\View\View->render('view_home', [], true)
 5 APPPATH\Controllers\Home.php(9): view('view_home')
 6 SYSTEMPATH\CodeIgniter.php(941): App\Controllers\Home->index()
 7 SYSTEMPATH\CodeIgniter.php(502): CodeIgniter\CodeIgniter->runController(Object(App\Controllers\Home))
 8 SYSTEMPATH\CodeIgniter.php(361): CodeIgniter\CodeIgniter->handleRequest(null, Object(Config\Cache), false)
 9 FCPATH\index.php(79): CodeIgniter\CodeIgniter->run()
CRITICAL - 2024-04-04 09:26:04 --> ErrorException: Undefined variable $question
in APPPATH\Views\view_home.php on line 6.
 1 APPPATH\Views\view_home.php(6): CodeIgniter\Debug\Exceptions->errorHandler(2, 'Undefined variable $question', 'D:\\iit_Campus\\2 nd year\\sem 2\\Server-Side\\week 1\\public_html\\serverCw\\app\\Views\\view_home.php', 6)
 2 SYSTEMPATH\View\View.php(228): include('D:\\iit_Campus\\2 nd year\\sem 2\\Server-Side\\week 1\\public_html\\serverCw\\app\\Views\\view_home.php')
 3 SYSTEMPATH\View\View.php(231): CodeIgniter\View\View->CodeIgniter\View\{closure}()
 4 SYSTEMPATH\Common.php(1178): CodeIgniter\View\View->render('view_home', [], true)
 5 APPPATH\Controllers\Home.php(9): view('view_home')
 6 SYSTEMPATH\CodeIgniter.php(941): App\Controllers\Home->index()
 7 SYSTEMPATH\CodeIgniter.php(502): CodeIgniter\CodeIgniter->runController(Object(App\Controllers\Home))
 8 SYSTEMPATH\CodeIgniter.php(361): CodeIgniter\CodeIgniter->handleRequest(null, Object(Config\Cache), false)
 9 FCPATH\index.php(79): CodeIgniter\CodeIgniter->run()
CRITICAL - 2024-04-04 09:29:14 --> ErrorException: Undefined property: CodeIgniter\View\View::$session
in APPPATH\Views\view_home.php on line 19.
 1 APPPATH\Views\view_home.php(19): CodeIgniter\Debug\Exceptions->errorHandler(2, 'Undefined property: CodeIgniter\\View\\View::$session', 'D:\\iit_Campus\\2 nd year\\sem 2\\Server-Side\\week 1\\public_html\\serverCw\\app\\Views\\view_home.php', 19)
 2 SYSTEMPATH\View\View.php(228): include('D:\\iit_Campus\\2 nd year\\sem 2\\Server-Side\\week 1\\public_html\\serverCw\\app\\Views\\view_home.php')
 3 SYSTEMPATH\View\View.php(231): CodeIgniter\View\View->CodeIgniter\View\{closure}()
 4 SYSTEMPATH\Common.php(1178): CodeIgniter\View\View->render('view_home', [], true)
 5 APPPATH\Controllers\Home.php(9): view('view_home')
 6 SYSTEMPATH\CodeIgniter.php(941): App\Controllers\Home->index()
 7 SYSTEMPATH\CodeIgniter.php(502): CodeIgniter\CodeIgniter->runController(Object(App\Controllers\Home))
 8 SYSTEMPATH\CodeIgniter.php(361): CodeIgniter\CodeIgniter->handleRequest(null, Object(Config\Cache), false)
 9 FCPATH\index.php(79): CodeIgniter\CodeIgniter->run()
CRITICAL - 2024-04-04 09:29:15 --> ErrorException: Undefined property: CodeIgniter\View\View::$session
in APPPATH\Views\view_home.php on line 19.
 1 APPPATH\Views\view_home.php(19): CodeIgniter\Debug\Exceptions->errorHandler(2, 'Undefined property: CodeIgniter\\View\\View::$session', 'D:\\iit_Campus\\2 nd year\\sem 2\\Server-Side\\week 1\\public_html\\serverCw\\app\\Views\\view_home.php', 19)
 2 SYSTEMPATH\View\View.php(228): include('D:\\iit_Campus\\2 nd year\\sem 2\\Server-Side\\week 1\\public_html\\serverCw\\app\\Views\\view_home.php')
 3 SYSTEMPATH\View\View.php(231): CodeIgniter\View\View->CodeIgniter\View\{closure}()
 4 SYSTEMPATH\Common.php(1178): CodeIgniter\View\View->render('view_home', [], true)
 5 APPPATH\Controllers\Home.php(9): view('view_home')
 6 SYSTEMPATH\CodeIgniter.php(941): App\Controllers\Home->index()
 7 SYSTEMPATH\CodeIgniter.php(502): CodeIgniter\CodeIgniter->runController(Object(App\Controllers\Home))
 8 SYSTEMPATH\CodeIgniter.php(361): CodeIgniter\CodeIgniter->handleRequest(null, Object(Config\Cache), false)
 9 FCPATH\index.php(79): CodeIgniter\CodeIgniter->run()
CRITICAL - 2024-04-04 09:29:36 --> ErrorException: Undefined variable $question
in APPPATH\Views\view_home.php on line 24.
 1 APPPATH\Views\view_home.php(24): CodeIgniter\Debug\Exceptions->errorHandler(2, 'Undefined variable $question', 'D:\\iit_Campus\\2 nd year\\sem 2\\Server-Side\\week 1\\public_html\\serverCw\\app\\Views\\view_home.php', 24)
 2 SYSTEMPATH\View\View.php(228): include('D:\\iit_Campus\\2 nd year\\sem 2\\Server-Side\\week 1\\public_html\\serverCw\\app\\Views\\view_home.php')
 3 SYSTEMPATH\View\View.php(231): CodeIgniter\View\View->CodeIgniter\View\{closure}()
 4 SYSTEMPATH\Common.php(1178): CodeIgniter\View\View->render('view_home', [], true)
 5 APPPATH\Controllers\Home.php(9): view('view_home')
 6 SYSTEMPATH\CodeIgniter.php(941): App\Controllers\Home->index()
 7 SYSTEMPATH\CodeIgniter.php(502): CodeIgniter\CodeIgniter->runController(Object(App\Controllers\Home))
 8 SYSTEMPATH\CodeIgniter.php(361): CodeIgniter\CodeIgniter->handleRequest(null, Object(Config\Cache), false)
 9 FCPATH\index.php(79): CodeIgniter\CodeIgniter->run()
CRITICAL - 2024-04-04 09:29:37 --> ErrorException: Undefined variable $question
in APPPATH\Views\view_home.php on line 24.
 1 APPPATH\Views\view_home.php(24): CodeIgniter\Debug\Exceptions->errorHandler(2, 'Undefined variable $question', 'D:\\iit_Campus\\2 nd year\\sem 2\\Server-Side\\week 1\\public_html\\serverCw\\app\\Views\\view_home.php', 24)
 2 SYSTEMPATH\View\View.php(228): include('D:\\iit_Campus\\2 nd year\\sem 2\\Server-Side\\week 1\\public_html\\serverCw\\app\\Views\\view_home.php')
 3 SYSTEMPATH\View\View.php(231): CodeIgniter\View\View->CodeIgniter\View\{closure}()
 4 SYSTEMPATH\Common.php(1178): CodeIgniter\View\View->render('view_home', [], true)
 5 APPPATH\Controllers\Home.php(9): view('view_home')
 6 SYSTEMPATH\CodeIgniter.php(941): App\Controllers\Home->index()
 7 SYSTEMPATH\CodeIgniter.php(502): CodeIgniter\CodeIgniter->runController(Object(App\Controllers\Home))
 8 SYSTEMPATH\CodeIgniter.php(361): CodeIgniter\CodeIgniter->handleRequest(null, Object(Config\Cache), false)
 9 FCPATH\index.php(79): CodeIgniter\CodeIgniter->run()
CRITICAL - 2024-04-04 09:29:48 --> ErrorException: Undefined property: CodeIgniter\View\View::$session
in APPPATH\Views\view_home.php on line 23.
 1 APPPATH\Views\view_home.php(23): CodeIgniter\Debug\Exceptions->errorHandler(2, 'Undefined property: CodeIgniter\\View\\View::$session', 'D:\\iit_Campus\\2 nd year\\sem 2\\Server-Side\\week 1\\public_html\\serverCw\\app\\Views\\view_home.php', 23)
 2 SYSTEMPATH\View\View.php(228): include('D:\\iit_Campus\\2 nd year\\sem 2\\Server-Side\\week 1\\public_html\\serverCw\\app\\Views\\view_home.php')
 3 SYSTEMPATH\View\View.php(231): CodeIgniter\View\View->CodeIgniter\View\{closure}()
 4 SYSTEMPATH\Common.php(1178): CodeIgniter\View\View->render('view_home', [], true)
 5 APPPATH\Controllers\Home.php(9): view('view_home')
 6 SYSTEMPATH\CodeIgniter.php(941): App\Controllers\Home->index()
 7 SYSTEMPATH\CodeIgniter.php(502): CodeIgniter\CodeIgniter->runController(Object(App\Controllers\Home))
 8 SYSTEMPATH\CodeIgniter.php(361): CodeIgniter\CodeIgniter->handleRequest(null, Object(Config\Cache), false)
 9 FCPATH\index.php(79): CodeIgniter\CodeIgniter->run()
INFO - 2024-04-04 18:12:58 --> Session: Class initialized using 'CodeIgniter\Session\Handlers\FileHandler' driver.
INFO - 2024-04-04 18:13:00 --> Session: Class initialized using 'CodeIgniter\Session\Handlers\FileHandler' driver.
INFO - 2024-04-04 18:13:16 --> Session: Class initialized using 'CodeIgniter\Session\Handlers\FileHandler' driver.
