CRITICAL - 2024-04-08 08:13:47 --> ErrorException: Undefined property: App\Controllers\User::$
in APPPATH\Controllers\User.php on line 24.
 1 APPPATH\Controllers\User.php(24): CodeIgniter\Debug\Exceptions->errorHandler(2, 'Undefined property: App\\Controllers\\User::$', 'C:\\xampp\\htdocs\\serverCw\\app\\Controllers\\User.php', 24)
 2 SYSTEMPATH\CodeIgniter.php(941): App\Controllers\User->login()
 3 SYSTEMPATH\CodeIgniter.php(502): CodeIgniter\CodeIgniter->runController(Object(App\Controllers\User))
 4 SYSTEMPATH\CodeIgniter.php(361): CodeIgniter\CodeIgniter->handleRequest(null, Object(Config\Cache), false)
 5 FCPATH\index.php(79): CodeIgniter\CodeIgniter->run()
CRITICAL - 2024-04-08 08:13:48 --> ErrorException: Undefined property: App\Controllers\User::$
in APPPATH\Controllers\User.php on line 24.
 1 APPPATH\Controllers\User.php(24): CodeIgniter\Debug\Exceptions->errorHandler(2, 'Undefined property: App\\Controllers\\User::$', 'C:\\xampp\\htdocs\\serverCw\\app\\Controllers\\User.php', 24)
 2 SYSTEMPATH\CodeIgniter.php(941): App\Controllers\User->login()
 3 SYSTEMPATH\CodeIgniter.php(502): CodeIgniter\CodeIgniter->runController(Object(App\Controllers\User))
 4 SYSTEMPATH\CodeIgniter.php(361): CodeIgniter\CodeIgniter->handleRequest(null, Object(Config\Cache), false)
 5 FCPATH\index.php(79): CodeIgniter\CodeIgniter->run()
CRITICAL - 2024-04-08 08:14:53 --> ErrorException: Undefined property: App\Controllers\User::$
in APPPATH\Controllers\User.php on line 24.
 1 APPPATH\Controllers\User.php(24): CodeIgniter\Debug\Exceptions->errorHandler(2, 'Undefined property: App\\Controllers\\User::$', 'C:\\xampp\\htdocs\\serverCw\\app\\Controllers\\User.php', 24)
 2 SYSTEMPATH\CodeIgniter.php(941): App\Controllers\User->login()
 3 SYSTEMPATH\CodeIgniter.php(502): CodeIgniter\CodeIgniter->runController(Object(App\Controllers\User))
 4 SYSTEMPATH\CodeIgniter.php(361): CodeIgniter\CodeIgniter->handleRequest(null, Object(Config\Cache), false)
 5 FCPATH\index.php(79): CodeIgniter\CodeIgniter->run()
CRITICAL - 2024-04-08 08:54:15 --> Error: Cannot use object of type CodeIgniter\Database\MySQLi\Result as array
in APPPATH\Models\UserModel.php on line 19.
 1 APPPATH\Controllers\User.php(25): App\Models\UserModel->verifyUser('op', 'sdfsdf')
 2 SYSTEMPATH\CodeIgniter.php(941): App\Controllers\User->login()
 3 SYSTEMPATH\CodeIgniter.php(502): CodeIgniter\CodeIgniter->runController(Object(App\Controllers\User))
 4 SYSTEMPATH\CodeIgniter.php(361): CodeIgniter\CodeIgniter->handleRequest(null, Object(Config\Cache), false)
 5 FCPATH\index.php(79): CodeIgniter\CodeIgniter->run()
CRITICAL - 2024-04-08 08:55:29 --> Error: Cannot use object of type CodeIgniter\Database\MySQLi\Result as array
in APPPATH\Models\UserModel.php on line 19.
 1 APPPATH\Controllers\User.php(25): App\Models\UserModel->verifyUser('op', 'op')
 2 SYSTEMPATH\CodeIgniter.php(941): App\Controllers\User->login()
 3 SYSTEMPATH\CodeIgniter.php(502): CodeIgniter\CodeIgniter->runController(Object(App\Controllers\User))
 4 SYSTEMPATH\CodeIgniter.php(361): CodeIgniter\CodeIgniter->handleRequest(null, Object(Config\Cache), false)
 5 FCPATH\index.php(79): CodeIgniter\CodeIgniter->run()
CRITICAL - 2024-04-08 08:55:35 --> Error: Cannot use object of type CodeIgniter\Database\MySQLi\Result as array
in APPPATH\Models\UserModel.php on line 19.
 1 APPPATH\Controllers\User.php(25): App\Models\UserModel->verifyUser('op', 'aasdfasd')
 2 SYSTEMPATH\CodeIgniter.php(941): App\Controllers\User->login()
 3 SYSTEMPATH\CodeIgniter.php(502): CodeIgniter\CodeIgniter->runController(Object(App\Controllers\User))
 4 SYSTEMPATH\CodeIgniter.php(361): CodeIgniter\CodeIgniter->handleRequest(null, Object(Config\Cache), false)
 5 FCPATH\index.php(79): CodeIgniter\CodeIgniter->run()
CRITICAL - 2024-04-08 08:55:35 --> Error: Cannot use object of type CodeIgniter\Database\MySQLi\Result as array
in APPPATH\Models\UserModel.php on line 19.
 1 APPPATH\Controllers\User.php(25): App\Models\UserModel->verifyUser('op', 'aasdfasd')
 2 SYSTEMPATH\CodeIgniter.php(941): App\Controllers\User->login()
 3 SYSTEMPATH\CodeIgniter.php(502): CodeIgniter\CodeIgniter->runController(Object(App\Controllers\User))
 4 SYSTEMPATH\CodeIgniter.php(361): CodeIgniter\CodeIgniter->handleRequest(null, Object(Config\Cache), false)
 5 FCPATH\index.php(79): CodeIgniter\CodeIgniter->run()
CRITICAL - 2024-04-08 08:55:36 --> Error: Cannot use object of type CodeIgniter\Database\MySQLi\Result as array
in APPPATH\Models\UserModel.php on line 19.
 1 APPPATH\Controllers\User.php(25): App\Models\UserModel->verifyUser('op', 'aasdfasd')
 2 SYSTEMPATH\CodeIgniter.php(941): App\Controllers\User->login()
 3 SYSTEMPATH\CodeIgniter.php(502): CodeIgniter\CodeIgniter->runController(Object(App\Controllers\User))
 4 SYSTEMPATH\CodeIgniter.php(361): CodeIgniter\CodeIgniter->handleRequest(null, Object(Config\Cache), false)
 5 FCPATH\index.php(79): CodeIgniter\CodeIgniter->run()
CRITICAL - 2024-04-08 08:55:42 --> Error: Cannot use object of type CodeIgniter\Database\MySQLi\Result as array
in APPPATH\Models\UserModel.php on line 19.
 1 APPPATH\Controllers\User.php(25): App\Models\UserModel->verifyUser('op', 'aasdfasd')
 2 SYSTEMPATH\CodeIgniter.php(941): App\Controllers\User->login()
 3 SYSTEMPATH\CodeIgniter.php(502): CodeIgniter\CodeIgniter->runController(Object(App\Controllers\User))
 4 SYSTEMPATH\CodeIgniter.php(361): CodeIgniter\CodeIgniter->handleRequest(null, Object(Config\Cache), false)
 5 FCPATH\index.php(79): CodeIgniter\CodeIgniter->run()
CRITICAL - 2024-04-08 08:56:31 --> Error: Cannot use object of type CodeIgniter\Database\MySQLi\Result as array
in APPPATH\Models\UserModel.php on line 19.
 1 APPPATH\Controllers\User.php(25): App\Models\UserModel->verifyUser('op', 'op')
 2 SYSTEMPATH\CodeIgniter.php(941): App\Controllers\User->login()
 3 SYSTEMPATH\CodeIgniter.php(502): CodeIgniter\CodeIgniter->runController(Object(App\Controllers\User))
 4 SYSTEMPATH\CodeIgniter.php(361): CodeIgniter\CodeIgniter->handleRequest(null, Object(Config\Cache), false)
 5 FCPATH\index.php(79): CodeIgniter\CodeIgniter->run()
CRITICAL - 2024-04-08 08:56:42 --> Error: Cannot use object of type CodeIgniter\Database\MySQLi\Result as array
in APPPATH\Models\UserModel.php on line 19.
 1 APPPATH\Controllers\User.php(25): App\Models\UserModel->verifyUser('op', 'offgh')
 2 SYSTEMPATH\CodeIgniter.php(941): App\Controllers\User->login()
 3 SYSTEMPATH\CodeIgniter.php(502): CodeIgniter\CodeIgniter->runController(Object(App\Controllers\User))
 4 SYSTEMPATH\CodeIgniter.php(361): CodeIgniter\CodeIgniter->handleRequest(null, Object(Config\Cache), false)
 5 FCPATH\index.php(79): CodeIgniter\CodeIgniter->run()
INFO - 2024-04-08 10:03:29 --> Session: Class initialized using 'CodeIgniter\Session\Handlers\FileHandler' driver.
INFO - 2024-04-08 10:03:30 --> Session: Class initialized using 'CodeIgniter\Session\Handlers\FileHandler' driver.
INFO - 2024-04-08 10:03:57 --> Session: Class initialized using 'CodeIgniter\Session\Handlers\FileHandler' driver.
CRITICAL - 2024-04-08 10:03:57 --> Error: Call to a member function setTempdata() on null
in APPPATH\Models\UserModel.php on line 26.
 1 APPPATH\Controllers\User.php(30): App\Models\UserModel->verifyUser('sgtnsbntbnstn', 'sdf')
 2 SYSTEMPATH\CodeIgniter.php(941): App\Controllers\User->login()
 3 SYSTEMPATH\CodeIgniter.php(502): CodeIgniter\CodeIgniter->runController(Object(App\Controllers\User))
 4 SYSTEMPATH\CodeIgniter.php(361): CodeIgniter\CodeIgniter->handleRequest(null, Object(Config\Cache), false)
 5 FCPATH\index.php(79): CodeIgniter\CodeIgniter->run()
INFO - 2024-04-08 10:04:15 --> Session: Class initialized using 'CodeIgniter\Session\Handlers\FileHandler' driver.
INFO - 2024-04-08 10:04:19 --> Session: Class initialized using 'CodeIgniter\Session\Handlers\FileHandler' driver.
INFO - 2024-04-08 10:06:16 --> Session: Class initialized using 'CodeIgniter\Session\Handlers\FileHandler' driver.
INFO - 2024-04-08 10:06:16 --> Session: Class initialized using 'CodeIgniter\Session\Handlers\FileHandler' driver.
INFO - 2024-04-08 10:06:20 --> Session: Class initialized using 'CodeIgniter\Session\Handlers\FileHandler' driver.
INFO - 2024-04-08 10:12:06 --> Session: Class initialized using 'CodeIgniter\Session\Handlers\FileHandler' driver.
INFO - 2024-04-08 10:12:35 --> Session: Class initialized using 'CodeIgniter\Session\Handlers\FileHandler' driver.
INFO - 2024-04-08 10:12:39 --> Session: Class initialized using 'CodeIgniter\Session\Handlers\FileHandler' driver.
INFO - 2024-04-08 10:13:47 --> Session: Class initialized using 'CodeIgniter\Session\Handlers\FileHandler' driver.
INFO - 2024-04-08 10:17:07 --> Session: Class initialized using 'CodeIgniter\Session\Handlers\FileHandler' driver.
INFO - 2024-04-08 10:17:08 --> Session: Class initialized using 'CodeIgniter\Session\Handlers\FileHandler' driver.
INFO - 2024-04-08 10:17:11 --> Session: Class initialized using 'CodeIgniter\Session\Handlers\FileHandler' driver.
INFO - 2024-04-08 10:18:16 --> Session: Class initialized using 'CodeIgniter\Session\Handlers\FileHandler' driver.
INFO - 2024-04-08 10:18:29 --> Session: Class initialized using 'CodeIgniter\Session\Handlers\FileHandler' driver.
INFO - 2024-04-08 10:18:32 --> Session: Class initialized using 'CodeIgniter\Session\Handlers\FileHandler' driver.
INFO - 2024-04-08 10:19:16 --> Session: Class initialized using 'CodeIgniter\Session\Handlers\FileHandler' driver.
INFO - 2024-04-08 11:40:21 --> Session: Class initialized using 'CodeIgniter\Session\Handlers\FileHandler' driver.
INFO - 2024-04-08 11:40:28 --> Session: Class initialized using 'CodeIgniter\Session\Handlers\FileHandler' driver.
INFO - 2024-04-08 11:42:05 --> Session: Class initialized using 'CodeIgniter\Session\Handlers\FileHandler' driver.
CRITICAL - 2024-04-08 11:42:53 --> CodeIgniter\View\Exceptions\ViewException: Invalid file: "view-home.php"
in SYSTEMPATH\Exceptions\FrameworkException.php on line 39.
 1 SYSTEMPATH\View\View.php(216): CodeIgniter\Exceptions\FrameworkException::forInvalidFile('view-home.php')
 2 SYSTEMPATH\Common.php(1178): CodeIgniter\View\View->render('view-home', [], true)
 3 APPPATH\Controllers\Home.php(13): view('view-home')
 4 SYSTEMPATH\CodeIgniter.php(941): App\Controllers\Home->home()
 5 SYSTEMPATH\CodeIgniter.php(502): CodeIgniter\CodeIgniter->runController(Object(App\Controllers\Home))
 6 SYSTEMPATH\CodeIgniter.php(361): CodeIgniter\CodeIgniter->handleRequest(null, Object(Config\Cache), false)
 7 FCPATH\index.php(79): CodeIgniter\CodeIgniter->run()
CRITICAL - 2024-04-08 11:43:38 --> CodeIgniter\View\Exceptions\ViewException: Invalid file: "view-home.php"
in SYSTEMPATH\Exceptions\FrameworkException.php on line 39.
 1 SYSTEMPATH\View\View.php(216): CodeIgniter\Exceptions\FrameworkException::forInvalidFile('view-home.php')
 2 SYSTEMPATH\Common.php(1178): CodeIgniter\View\View->render('view-home', [], true)
 3 APPPATH\Controllers\Home.php(13): view('view-home')
 4 SYSTEMPATH\CodeIgniter.php(941): App\Controllers\Home->home()
 5 SYSTEMPATH\CodeIgniter.php(502): CodeIgniter\CodeIgniter->runController(Object(App\Controllers\Home))
 6 SYSTEMPATH\CodeIgniter.php(361): CodeIgniter\CodeIgniter->handleRequest(null, Object(Config\Cache), false)
 7 FCPATH\index.php(79): CodeIgniter\CodeIgniter->run()
CRITICAL - 2024-04-08 11:43:38 --> CodeIgniter\View\Exceptions\ViewException: Invalid file: "view-home.php"
in SYSTEMPATH\Exceptions\FrameworkException.php on line 39.
 1 SYSTEMPATH\View\View.php(216): CodeIgniter\Exceptions\FrameworkException::forInvalidFile('view-home.php')
 2 SYSTEMPATH\Common.php(1178): CodeIgniter\View\View->render('view-home', [], true)
 3 APPPATH\Controllers\Home.php(13): view('view-home')
 4 SYSTEMPATH\CodeIgniter.php(941): App\Controllers\Home->home()
 5 SYSTEMPATH\CodeIgniter.php(502): CodeIgniter\CodeIgniter->runController(Object(App\Controllers\Home))
 6 SYSTEMPATH\CodeIgniter.php(361): CodeIgniter\CodeIgniter->handleRequest(null, Object(Config\Cache), false)
 7 FCPATH\index.php(79): CodeIgniter\CodeIgniter->run()
INFO - 2024-04-08 11:44:06 --> Session: Class initialized using 'CodeIgniter\Session\Handlers\FileHandler' driver.
INFO - 2024-04-08 11:44:12 --> Session: Class initialized using 'CodeIgniter\Session\Handlers\FileHandler' driver.
INFO - 2024-04-08 11:44:13 --> Session: Class initialized using 'CodeIgniter\Session\Handlers\FileHandler' driver.
INFO - 2024-04-08 11:44:40 --> Session: Class initialized using 'CodeIgniter\Session\Handlers\FileHandler' driver.
INFO - 2024-04-08 11:45:35 --> Session: Class initialized using 'CodeIgniter\Session\Handlers\FileHandler' driver.
INFO - 2024-04-08 11:45:59 --> Session: Class initialized using 'CodeIgniter\Session\Handlers\FileHandler' driver.
INFO - 2024-04-08 11:46:00 --> Session: Class initialized using 'CodeIgniter\Session\Handlers\FileHandler' driver.
INFO - 2024-04-08 11:46:00 --> Session: Class initialized using 'CodeIgniter\Session\Handlers\FileHandler' driver.
INFO - 2024-04-08 11:46:11 --> Session: Class initialized using 'CodeIgniter\Session\Handlers\FileHandler' driver.
